[2025-12-03T15:22:57.306+0000] {local_task_job_runner.py:120} INFO - ::group::Pre task execution logs
[2025-12-03T15:22:57.327+0000] {taskinstance.py:2076} INFO - Dependencies all met for dep_context=non-requeueable deps ti=<TaskInstance: ebay_scraper_pipeline.loading manual__2025-12-03T15:21:25.876992+00:00 [queued]>
[2025-12-03T15:22:57.333+0000] {taskinstance.py:2076} INFO - Dependencies all met for dep_context=requeueable deps ti=<TaskInstance: ebay_scraper_pipeline.loading manual__2025-12-03T15:21:25.876992+00:00 [queued]>
[2025-12-03T15:22:57.333+0000] {taskinstance.py:2306} INFO - Starting attempt 1 of 4
[2025-12-03T15:22:57.342+0000] {taskinstance.py:2330} INFO - Executing <Task(PythonOperator): loading> on 2025-12-03 15:21:25.876992+00:00
[2025-12-03T15:22:57.347+0000] {standard_task_runner.py:90} INFO - Running: ['***', 'tasks', 'run', 'ebay_scraper_pipeline', 'loading', 'manual__2025-12-03T15:21:25.876992+00:00', '--job-id', '11', '--raw', '--subdir', 'DAGS_FOLDER/***_dag.py', '--cfg-path', '/tmp/tmpj30fwru5']
[2025-12-03T15:22:57.349+0000] {standard_task_runner.py:91} INFO - Job 11: Subtask loading
[2025-12-03T15:22:57.349+0000] {logging_mixin.py:188} WARNING - /home/***/.local/lib/python3.12/site-packages/***/task/task_runner/standard_task_runner.py:61 DeprecationWarning: This process (pid=898) is multi-threaded, use of fork() may lead to deadlocks in the child.
[2025-12-03T15:22:57.349+0000] {standard_task_runner.py:63} INFO - Started process 899 to run task
[2025-12-03T15:22:57.390+0000] {task_command.py:426} INFO - Running <TaskInstance: ebay_scraper_pipeline.loading manual__2025-12-03T15:21:25.876992+00:00 [running]> on host 561ed983102f
[2025-12-03T15:22:57.449+0000] {taskinstance.py:2648} INFO - Exporting env vars: AIRFLOW_CTX_DAG_OWNER='***' AIRFLOW_CTX_DAG_ID='ebay_scraper_pipeline' AIRFLOW_CTX_TASK_ID='loading' AIRFLOW_CTX_EXECUTION_DATE='2025-12-03T15:21:25.876992+00:00' AIRFLOW_CTX_TRY_NUMBER='1' AIRFLOW_CTX_DAG_RUN_ID='manual__2025-12-03T15:21:25.876992+00:00'
[2025-12-03T15:22:57.450+0000] {taskinstance.py:430} INFO - ::endgroup::
[2025-12-03T15:22:57.459+0000] {airflow_dag.py:70} INFO - 💾 START LOADING TASK
[2025-12-03T15:22:57.462+0000] {logging_mixin.py:188} INFO - 
======================================================================
[2025-12-03T15:22:57.462+0000] {logging_mixin.py:188} INFO - Сохранение данных...
[2025-12-03T15:22:57.462+0000] {logging_mixin.py:188} INFO - ======================================================================
[2025-12-03T15:22:57.468+0000] {logging_mixin.py:188} INFO - ✓ База данных '/opt/***/dags/ebay_products.db' создана/обновлена
[2025-12-03T15:22:57.483+0000] {logging_mixin.py:188} INFO - 
======================================================================
[2025-12-03T15:22:57.484+0000] {logging_mixin.py:188} INFO - 💾 Сохранение в базу данных '/opt/***/dags/ebay_products.db':
[2025-12-03T15:22:57.484+0000] {logging_mixin.py:188} INFO -    ✓ Добавлено новых записей: 47
[2025-12-03T15:22:57.484+0000] {logging_mixin.py:188} INFO -    ✓ Обновлено записей: 63
[2025-12-03T15:22:57.488+0000] {logging_mixin.py:188} INFO -    ✓ Всего в базе: 111
[2025-12-03T15:22:57.488+0000] {logging_mixin.py:188} INFO - ======================================================================
[2025-12-03T15:22:57.489+0000] {airflow_dag.py:86} INFO - ✅ LOADING DONE SUCCESSFULLY
[2025-12-03T15:22:57.489+0000] {airflow_dag.py:87} INFO - 📊 LOAD STATS: {'total_items': 110, 'json_saved': False, 'db_records_saved': 110}
[2025-12-03T15:22:57.489+0000] {python.py:237} INFO - Done. Returned value was: None
[2025-12-03T15:22:57.489+0000] {taskinstance.py:441} INFO - ::group::Post task execution logs
[2025-12-03T15:22:57.496+0000] {taskinstance.py:1206} INFO - Marking task as SUCCESS. dag_id=ebay_scraper_pipeline, task_id=loading, run_id=manual__2025-12-03T15:21:25.876992+00:00, execution_date=20251203T152125, start_date=20251203T152257, end_date=20251203T152257
[2025-12-03T15:22:57.522+0000] {local_task_job_runner.py:240} INFO - Task exited with return code 0
[2025-12-03T15:22:57.534+0000] {taskinstance.py:3498} INFO - 0 downstream tasks scheduled from follow-on schedule check
[2025-12-03T15:22:57.535+0000] {local_task_job_runner.py:222} INFO - ::endgroup::
