[2025-12-03T15:18:51.875+0000] {local_task_job_runner.py:120} INFO - ::group::Pre task execution logs
[2025-12-03T15:18:51.898+0000] {taskinstance.py:2076} INFO - Dependencies all met for dep_context=non-requeueable deps ti=<TaskInstance: ebay_scraper_pipeline.loading scheduled__2025-12-02T00:00:00+00:00 [queued]>
[2025-12-03T15:18:51.905+0000] {taskinstance.py:2076} INFO - Dependencies all met for dep_context=requeueable deps ti=<TaskInstance: ebay_scraper_pipeline.loading scheduled__2025-12-02T00:00:00+00:00 [queued]>
[2025-12-03T15:18:51.905+0000] {taskinstance.py:2306} INFO - Starting attempt 1 of 4
[2025-12-03T15:18:51.914+0000] {taskinstance.py:2330} INFO - Executing <Task(PythonOperator): loading> on 2025-12-02 00:00:00+00:00
[2025-12-03T15:18:51.919+0000] {standard_task_runner.py:90} INFO - Running: ['***', 'tasks', 'run', 'ebay_scraper_pipeline', 'loading', 'scheduled__2025-12-02T00:00:00+00:00', '--job-id', '8', '--raw', '--subdir', 'DAGS_FOLDER/***_dag.py', '--cfg-path', '/tmp/tmpuby7byof']
[2025-12-03T15:18:51.921+0000] {logging_mixin.py:188} WARNING - /home/***/.local/lib/python3.12/site-packages/***/task/task_runner/standard_task_runner.py:61 DeprecationWarning: This process (pid=697) is multi-threaded, use of fork() may lead to deadlocks in the child.
[2025-12-03T15:18:51.921+0000] {standard_task_runner.py:91} INFO - Job 8: Subtask loading
[2025-12-03T15:18:51.921+0000] {standard_task_runner.py:63} INFO - Started process 698 to run task
[2025-12-03T15:18:51.964+0000] {task_command.py:426} INFO - Running <TaskInstance: ebay_scraper_pipeline.loading scheduled__2025-12-02T00:00:00+00:00 [running]> on host 561ed983102f
[2025-12-03T15:18:52.023+0000] {taskinstance.py:2648} INFO - Exporting env vars: AIRFLOW_CTX_DAG_OWNER='***' AIRFLOW_CTX_DAG_ID='ebay_scraper_pipeline' AIRFLOW_CTX_TASK_ID='loading' AIRFLOW_CTX_EXECUTION_DATE='2025-12-02T00:00:00+00:00' AIRFLOW_CTX_TRY_NUMBER='1' AIRFLOW_CTX_DAG_RUN_ID='scheduled__2025-12-02T00:00:00+00:00'
[2025-12-03T15:18:52.024+0000] {taskinstance.py:430} INFO - ::endgroup::
[2025-12-03T15:18:52.032+0000] {airflow_dag.py:70} INFO - 💾 START LOADING TASK
[2025-12-03T15:18:52.034+0000] {logging_mixin.py:188} INFO - 
======================================================================
[2025-12-03T15:18:52.035+0000] {logging_mixin.py:188} INFO - Сохранение данных...
[2025-12-03T15:18:52.035+0000] {logging_mixin.py:188} INFO - ======================================================================
[2025-12-03T15:18:52.040+0000] {logging_mixin.py:188} INFO - ✓ База данных '/opt/***/dags/ebay_products.db' создана/обновлена
[2025-12-03T15:18:52.053+0000] {logging_mixin.py:188} INFO - 
======================================================================
[2025-12-03T15:18:52.053+0000] {logging_mixin.py:188} INFO - 💾 Сохранение в базу данных '/opt/***/dags/ebay_products.db':
[2025-12-03T15:18:52.053+0000] {logging_mixin.py:188} INFO -    ✓ Добавлено новых записей: 2
[2025-12-03T15:18:52.054+0000] {logging_mixin.py:188} INFO -    ✓ Обновлено записей: 60
[2025-12-03T15:18:52.057+0000] {logging_mixin.py:188} INFO -    ✓ Всего в базе: 64
[2025-12-03T15:18:52.057+0000] {logging_mixin.py:188} INFO - ======================================================================
[2025-12-03T15:18:52.058+0000] {airflow_dag.py:86} INFO - ✅ LOADING DONE SUCCESSFULLY
[2025-12-03T15:18:52.058+0000] {airflow_dag.py:87} INFO - 📊 LOAD STATS: {'total_items': 62, 'json_saved': False, 'db_records_saved': 62}
[2025-12-03T15:18:52.058+0000] {python.py:237} INFO - Done. Returned value was: None
[2025-12-03T15:18:52.058+0000] {taskinstance.py:441} INFO - ::group::Post task execution logs
[2025-12-03T15:18:52.065+0000] {taskinstance.py:1206} INFO - Marking task as SUCCESS. dag_id=ebay_scraper_pipeline, task_id=loading, run_id=scheduled__2025-12-02T00:00:00+00:00, execution_date=20251202T000000, start_date=20251203T151851, end_date=20251203T151852
[2025-12-03T15:18:52.094+0000] {local_task_job_runner.py:240} INFO - Task exited with return code 0
[2025-12-03T15:18:52.106+0000] {taskinstance.py:3498} INFO - 0 downstream tasks scheduled from follow-on schedule check
[2025-12-03T15:18:52.107+0000] {local_task_job_runner.py:222} INFO - ::endgroup::
