[2025-12-04T08:55:41.084+0000] {local_task_job_runner.py:120} INFO - ::group::Pre task execution logs
[2025-12-04T08:55:41.121+0000] {taskinstance.py:2076} INFO - Dependencies all met for dep_context=non-requeueable deps ti=<TaskInstance: ebay_scraper_pipeline.scraping scheduled__2025-12-03T00:00:00+00:00 [queued]>
[2025-12-04T08:55:41.130+0000] {taskinstance.py:2076} INFO - Dependencies all met for dep_context=requeueable deps ti=<TaskInstance: ebay_scraper_pipeline.scraping scheduled__2025-12-03T00:00:00+00:00 [queued]>
[2025-12-04T08:55:41.131+0000] {taskinstance.py:2306} INFO - Starting attempt 3 of 4
[2025-12-04T08:55:41.144+0000] {taskinstance.py:2330} INFO - Executing <Task(PythonOperator): scraping> on 2025-12-03 00:00:00+00:00
[2025-12-04T08:55:41.150+0000] {standard_task_runner.py:90} INFO - Running: ['***', 'tasks', 'run', 'ebay_scraper_pipeline', 'scraping', 'scheduled__2025-12-03T00:00:00+00:00', '--job-id', '5', '--raw', '--subdir', 'DAGS_FOLDER/***_dag.py', '--cfg-path', '/tmp/tmpg8_7j_eh']
[2025-12-04T08:55:41.152+0000] {standard_task_runner.py:91} INFO - Job 5: Subtask scraping
[2025-12-04T08:55:41.152+0000] {logging_mixin.py:188} WARNING - /home/***/.local/lib/python3.12/site-packages/***/task/task_runner/standard_task_runner.py:61 DeprecationWarning: This process (pid=644) is multi-threaded, use of fork() may lead to deadlocks in the child.
[2025-12-04T08:55:41.153+0000] {standard_task_runner.py:63} INFO - Started process 645 to run task
[2025-12-04T08:55:41.215+0000] {task_command.py:426} INFO - Running <TaskInstance: ebay_scraper_pipeline.scraping scheduled__2025-12-03T00:00:00+00:00 [running]> on host 9bcab6b6b71f
[2025-12-04T08:55:41.297+0000] {taskinstance.py:2648} INFO - Exporting env vars: AIRFLOW_CTX_DAG_OWNER='***' AIRFLOW_CTX_DAG_ID='ebay_scraper_pipeline' AIRFLOW_CTX_TASK_ID='scraping' AIRFLOW_CTX_EXECUTION_DATE='2025-12-03T00:00:00+00:00' AIRFLOW_CTX_TRY_NUMBER='3' AIRFLOW_CTX_DAG_RUN_ID='scheduled__2025-12-03T00:00:00+00:00'
[2025-12-04T08:55:41.300+0000] {taskinstance.py:430} INFO - ::endgroup::
[2025-12-04T08:55:41.318+0000] {airflow_dag.py:28} INFO - 🚀 START SCRAPING TASK
[2025-12-04T08:55:41.318+0000] {logging_mixin.py:188} INFO - ======================================================================
[2025-12-04T08:55:41.319+0000] {logging_mixin.py:188} INFO - Запуск браузера...
[2025-12-04T08:55:41.943+0000] {logging_mixin.py:188} INFO - 
======================================================================
[2025-12-04T08:55:41.944+0000] {logging_mixin.py:188} INFO - 📄 Страница 1: https://www.ebay.com/sch/i.html?_nkw=laptop&_sacat=0&_from=R40&_pgn=1
[2025-12-04T08:55:41.944+0000] {logging_mixin.py:188} INFO - ======================================================================
[2025-12-04T08:55:45.126+0000] {logging_mixin.py:188} INFO - Проверка на CAPTCHA...
[2025-12-04T08:55:48.623+0000] {logging_mixin.py:188} INFO - 
======================================================================
[2025-12-04T08:55:48.624+0000] {logging_mixin.py:188} INFO - ⚠️  ОБНАРУЖЕНА CAPTCHA!
[2025-12-04T08:55:48.625+0000] {logging_mixin.py:188} INFO - Пожалуйста, решите CAPTCHA вручную в открытом браузере
[2025-12-04T08:55:48.625+0000] {logging_mixin.py:188} INFO - После решения CAPTCHA нажмите Enter в консоли...
[2025-12-04T08:55:48.626+0000] {logging_mixin.py:188} INFO - ======================================================================
[2025-12-04T08:55:48.627+0000] {logging_mixin.py:188} INFO - Нажмите Enter после решения CAPTCHA: 
[2025-12-04T08:55:48.627+0000] {logging_mixin.py:188} INFO - 
❌ Ошибка при загрузке: EOF when reading a line
[2025-12-04T08:55:48.635+0000] {logging_mixin.py:188} WARNING - Traceback (most recent call last):
[2025-12-04T08:55:48.639+0000] {logging_mixin.py:188} WARNING -   File "/opt/***/dags/src/scraper.py", line 239, in scrape_ebay
    html = scrape_page(driver, url, page_num)
           ^^^^^^^^^^^^^^^^^^^^^^^^^^^^^^^^^^
[2025-12-04T08:55:48.640+0000] {logging_mixin.py:188} WARNING -   File "/opt/***/dags/src/scraper.py", line 73, in scrape_page
    input("Нажмите Enter после решения CAPTCHA: ")
[2025-12-04T08:55:48.641+0000] {logging_mixin.py:188} WARNING - EOFError: EOF when reading a line
[2025-12-04T08:55:48.642+0000] {logging_mixin.py:188} INFO - 
Закрытие браузера...
[2025-12-04T08:55:48.752+0000] {taskinstance.py:441} INFO - ::group::Post task execution logs
[2025-12-04T08:55:48.753+0000] {taskinstance.py:2905} ERROR - Task failed with exception
Traceback (most recent call last):
  File "/home/airflow/.local/lib/python3.12/site-packages/airflow/models/taskinstance.py", line 465, in _execute_task
    result = _execute_callable(context=context, **execute_callable_kwargs)
             ^^^^^^^^^^^^^^^^^^^^^^^^^^^^^^^^^^^^^^^^^^^^^^^^^^^^^^^^^^^^^
  File "/home/airflow/.local/lib/python3.12/site-packages/airflow/models/taskinstance.py", line 432, in _execute_callable
    return execute_callable(context=context, **execute_callable_kwargs)
           ^^^^^^^^^^^^^^^^^^^^^^^^^^^^^^^^^^^^^^^^^^^^^^^^^^^^^^^^^^^^
  File "/home/airflow/.local/lib/python3.12/site-packages/airflow/models/baseoperator.py", line 400, in wrapper
    return func(self, *args, **kwargs)
           ^^^^^^^^^^^^^^^^^^^^^^^^^^^
  File "/home/airflow/.local/lib/python3.12/site-packages/airflow/operators/python.py", line 235, in execute
    return_value = self.execute_callable()
                   ^^^^^^^^^^^^^^^^^^^^^^^
  File "/home/airflow/.local/lib/python3.12/site-packages/airflow/operators/python.py", line 252, in execute_callable
    return self.python_callable(*self.op_args, **self.op_kwargs)
           ^^^^^^^^^^^^^^^^^^^^^^^^^^^^^^^^^^^^^^^^^^^^^^^^^^^^^
  File "/opt/airflow/dags/airflow_dag.py", line 37, in scraping_task
    raise Exception("❌ SCRAPING FAILED: No pages downloaded")
Exception: ❌ SCRAPING FAILED: No pages downloaded
[2025-12-04T08:55:48.768+0000] {taskinstance.py:1206} INFO - Marking task as UP_FOR_RETRY. dag_id=ebay_scraper_pipeline, task_id=scraping, run_id=scheduled__2025-12-03T00:00:00+00:00, execution_date=20251203T000000, start_date=20251204T085541, end_date=20251204T085548
[2025-12-04T08:55:48.781+0000] {standard_task_runner.py:110} ERROR - Failed to execute job 5 for task scraping (❌ SCRAPING FAILED: No pages downloaded; 645)
[2025-12-04T08:55:48.817+0000] {local_task_job_runner.py:240} INFO - Task exited with return code 1
[2025-12-04T08:55:48.835+0000] {taskinstance.py:3498} INFO - 0 downstream tasks scheduled from follow-on schedule check
[2025-12-04T08:55:48.838+0000] {local_task_job_runner.py:222} INFO - ::endgroup::
