[2025-12-04T08:49:21.004+0000] {local_task_job_runner.py:120} INFO - ::group::Pre task execution logs
[2025-12-04T08:49:21.032+0000] {taskinstance.py:2076} INFO - Dependencies all met for dep_context=non-requeueable deps ti=<TaskInstance: ebay_scraper_pipeline.scraping scheduled__2025-12-03T00:00:00+00:00 [queued]>
[2025-12-04T08:49:21.040+0000] {taskinstance.py:2076} INFO - Dependencies all met for dep_context=requeueable deps ti=<TaskInstance: ebay_scraper_pipeline.scraping scheduled__2025-12-03T00:00:00+00:00 [queued]>
[2025-12-04T08:49:21.041+0000] {taskinstance.py:2306} INFO - Starting attempt 1 of 4
[2025-12-04T08:49:21.052+0000] {taskinstance.py:2330} INFO - Executing <Task(PythonOperator): scraping> on 2025-12-03 00:00:00+00:00
[2025-12-04T08:49:21.060+0000] {standard_task_runner.py:90} INFO - Running: ['***', 'tasks', 'run', 'ebay_scraper_pipeline', 'scraping', 'scheduled__2025-12-03T00:00:00+00:00', '--job-id', '3', '--raw', '--subdir', 'DAGS_FOLDER/***_dag.py', '--cfg-path', '/tmp/tmpd8u2ml1w']
[2025-12-04T08:49:21.063+0000] {standard_task_runner.py:91} INFO - Job 3: Subtask scraping
[2025-12-04T08:49:21.063+0000] {logging_mixin.py:188} WARNING - /home/***/.local/lib/python3.12/site-packages/***/task/task_runner/standard_task_runner.py:61 DeprecationWarning: This process (pid=189) is multi-threaded, use of fork() may lead to deadlocks in the child.
[2025-12-04T08:49:21.065+0000] {standard_task_runner.py:63} INFO - Started process 190 to run task
[2025-12-04T08:49:21.132+0000] {task_command.py:426} INFO - Running <TaskInstance: ebay_scraper_pipeline.scraping scheduled__2025-12-03T00:00:00+00:00 [running]> on host 9bcab6b6b71f
[2025-12-04T08:49:21.222+0000] {taskinstance.py:2648} INFO - Exporting env vars: AIRFLOW_CTX_DAG_OWNER='***' AIRFLOW_CTX_DAG_ID='ebay_scraper_pipeline' AIRFLOW_CTX_TASK_ID='scraping' AIRFLOW_CTX_EXECUTION_DATE='2025-12-03T00:00:00+00:00' AIRFLOW_CTX_TRY_NUMBER='1' AIRFLOW_CTX_DAG_RUN_ID='scheduled__2025-12-03T00:00:00+00:00'
[2025-12-04T08:49:21.224+0000] {taskinstance.py:430} INFO - ::endgroup::
[2025-12-04T08:49:21.257+0000] {airflow_dag.py:28} INFO - 🚀 START SCRAPING TASK
[2025-12-04T08:49:21.258+0000] {logging_mixin.py:188} INFO - ======================================================================
[2025-12-04T08:49:21.258+0000] {logging_mixin.py:188} INFO - Запуск браузера...
[2025-12-04T08:49:22.253+0000] {logging_mixin.py:188} INFO - 
======================================================================
[2025-12-04T08:49:22.253+0000] {logging_mixin.py:188} INFO - 📄 Страница 1: https://www.ebay.com/sch/i.html?_nkw=laptop&_sacat=0&_from=R40&_pgn=1
[2025-12-04T08:49:22.253+0000] {logging_mixin.py:188} INFO - ======================================================================
[2025-12-04T08:49:26.422+0000] {logging_mixin.py:188} INFO - Проверка на CAPTCHA...
[2025-12-04T08:49:30.020+0000] {logging_mixin.py:188} INFO - 
======================================================================
[2025-12-04T08:49:30.021+0000] {logging_mixin.py:188} INFO - ⚠️  ОБНАРУЖЕНА CAPTCHA!
[2025-12-04T08:49:30.022+0000] {logging_mixin.py:188} INFO - Пожалуйста, решите CAPTCHA вручную в открытом браузере
[2025-12-04T08:49:30.023+0000] {logging_mixin.py:188} INFO - После решения CAPTCHA нажмите Enter в консоли...
[2025-12-04T08:49:30.023+0000] {logging_mixin.py:188} INFO - ======================================================================
[2025-12-04T08:49:30.024+0000] {logging_mixin.py:188} INFO - Нажмите Enter после решения CAPTCHA: 
[2025-12-04T08:49:30.025+0000] {logging_mixin.py:188} INFO - 
❌ Ошибка при загрузке: EOF when reading a line
[2025-12-04T08:49:30.029+0000] {logging_mixin.py:188} WARNING - Traceback (most recent call last):
[2025-12-04T08:49:30.031+0000] {logging_mixin.py:188} WARNING -   File "/opt/***/dags/src/scraper.py", line 239, in scrape_ebay
    html = scrape_page(driver, url, page_num)
           ^^^^^^^^^^^^^^^^^^^^^^^^^^^^^^^^^^
[2025-12-04T08:49:30.031+0000] {logging_mixin.py:188} WARNING -   File "/opt/***/dags/src/scraper.py", line 73, in scrape_page
    input("Нажмите Enter после решения CAPTCHA: ")
[2025-12-04T08:49:30.032+0000] {logging_mixin.py:188} WARNING - EOFError: EOF when reading a line
[2025-12-04T08:49:30.032+0000] {logging_mixin.py:188} INFO - 
Закрытие браузера...
[2025-12-04T08:49:30.157+0000] {taskinstance.py:441} INFO - ::group::Post task execution logs
[2025-12-04T08:49:30.158+0000] {taskinstance.py:2905} ERROR - Task failed with exception
Traceback (most recent call last):
  File "/home/airflow/.local/lib/python3.12/site-packages/airflow/models/taskinstance.py", line 465, in _execute_task
    result = _execute_callable(context=context, **execute_callable_kwargs)
             ^^^^^^^^^^^^^^^^^^^^^^^^^^^^^^^^^^^^^^^^^^^^^^^^^^^^^^^^^^^^^
  File "/home/airflow/.local/lib/python3.12/site-packages/airflow/models/taskinstance.py", line 432, in _execute_callable
    return execute_callable(context=context, **execute_callable_kwargs)
           ^^^^^^^^^^^^^^^^^^^^^^^^^^^^^^^^^^^^^^^^^^^^^^^^^^^^^^^^^^^^
  File "/home/airflow/.local/lib/python3.12/site-packages/airflow/models/baseoperator.py", line 400, in wrapper
    return func(self, *args, **kwargs)
           ^^^^^^^^^^^^^^^^^^^^^^^^^^^
  File "/home/airflow/.local/lib/python3.12/site-packages/airflow/operators/python.py", line 235, in execute
    return_value = self.execute_callable()
                   ^^^^^^^^^^^^^^^^^^^^^^^
  File "/home/airflow/.local/lib/python3.12/site-packages/airflow/operators/python.py", line 252, in execute_callable
    return self.python_callable(*self.op_args, **self.op_kwargs)
           ^^^^^^^^^^^^^^^^^^^^^^^^^^^^^^^^^^^^^^^^^^^^^^^^^^^^^
  File "/opt/airflow/dags/airflow_dag.py", line 37, in scraping_task
    raise Exception("❌ SCRAPING FAILED: No pages downloaded")
Exception: ❌ SCRAPING FAILED: No pages downloaded
[2025-12-04T08:49:30.175+0000] {taskinstance.py:1206} INFO - Marking task as UP_FOR_RETRY. dag_id=ebay_scraper_pipeline, task_id=scraping, run_id=scheduled__2025-12-03T00:00:00+00:00, execution_date=20251203T000000, start_date=20251204T084921, end_date=20251204T084930
[2025-12-04T08:49:30.191+0000] {standard_task_runner.py:110} ERROR - Failed to execute job 3 for task scraping (❌ SCRAPING FAILED: No pages downloaded; 190)
[2025-12-04T08:49:30.202+0000] {local_task_job_runner.py:240} INFO - Task exited with return code 1
[2025-12-04T08:49:30.237+0000] {taskinstance.py:3498} INFO - 0 downstream tasks scheduled from follow-on schedule check
[2025-12-04T08:49:30.240+0000] {local_task_job_runner.py:222} INFO - ::endgroup::
[2025-12-04T11:44:38.868+0000] {local_task_job_runner.py:120} INFO - ::group::Pre task execution logs
[2025-12-04T11:44:38.928+0000] {taskinstance.py:2076} INFO - Dependencies all met for dep_context=non-requeueable deps ti=<TaskInstance: ebay_scraper_pipeline.scraping scheduled__2025-12-03T00:00:00+00:00 [queued]>
[2025-12-04T11:44:38.943+0000] {taskinstance.py:2076} INFO - Dependencies all met for dep_context=requeueable deps ti=<TaskInstance: ebay_scraper_pipeline.scraping scheduled__2025-12-03T00:00:00+00:00 [queued]>
[2025-12-04T11:44:38.944+0000] {taskinstance.py:2306} INFO - Starting attempt 1 of 4
[2025-12-04T11:44:38.969+0000] {taskinstance.py:2330} INFO - Executing <Task(PythonOperator): scraping> on 2025-12-03 00:00:00+00:00
[2025-12-04T11:44:38.980+0000] {standard_task_runner.py:90} INFO - Running: ['***', 'tasks', 'run', 'ebay_scraper_pipeline', 'scraping', 'scheduled__2025-12-03T00:00:00+00:00', '--job-id', '2', '--raw', '--subdir', 'DAGS_FOLDER/***_dag.py', '--cfg-path', '/tmp/tmpdy2qavma']
[2025-12-04T11:44:38.987+0000] {standard_task_runner.py:91} INFO - Job 2: Subtask scraping
[2025-12-04T11:44:38.987+0000] {logging_mixin.py:188} WARNING - /home/***/.local/lib/python3.12/site-packages/***/task/task_runner/standard_task_runner.py:61 DeprecationWarning: This process (pid=184) is multi-threaded, use of fork() may lead to deadlocks in the child.
[2025-12-04T11:44:38.988+0000] {standard_task_runner.py:63} INFO - Started process 185 to run task
[2025-12-04T11:44:39.100+0000] {task_command.py:426} INFO - Running <TaskInstance: ebay_scraper_pipeline.scraping scheduled__2025-12-03T00:00:00+00:00 [running]> on host 0f1a37138325
[2025-12-04T11:44:39.250+0000] {taskinstance.py:2648} INFO - Exporting env vars: AIRFLOW_CTX_DAG_OWNER='***' AIRFLOW_CTX_DAG_ID='ebay_scraper_pipeline' AIRFLOW_CTX_TASK_ID='scraping' AIRFLOW_CTX_EXECUTION_DATE='2025-12-03T00:00:00+00:00' AIRFLOW_CTX_TRY_NUMBER='1' AIRFLOW_CTX_DAG_RUN_ID='scheduled__2025-12-03T00:00:00+00:00'
[2025-12-04T11:44:39.252+0000] {taskinstance.py:430} INFO - ::endgroup::
[2025-12-04T11:44:39.308+0000] {airflow_dag.py:28} INFO - 🚀 START SCRAPING TASK
[2025-12-04T11:44:39.309+0000] {logging_mixin.py:188} INFO - ======================================================================
[2025-12-04T11:44:39.310+0000] {logging_mixin.py:188} INFO - Запуск браузера...
[2025-12-04T11:44:41.230+0000] {logging_mixin.py:188} INFO - 
======================================================================
[2025-12-04T11:44:41.231+0000] {logging_mixin.py:188} INFO - 📄 Страница 1: https://www.ebay.com/sch/i.html?_nkw=laptop&_sacat=0&_from=R40&_pgn=1
[2025-12-04T11:44:41.232+0000] {logging_mixin.py:188} INFO - ======================================================================
[2025-12-04T11:44:46.238+0000] {logging_mixin.py:188} INFO - Ожидание загрузки товаров...
[2025-12-04T11:44:46.357+0000] {logging_mixin.py:188} INFO - ✓ Товары загружены!
[2025-12-04T11:44:46.358+0000] {logging_mixin.py:188} INFO - Прокрутка страницы...
[2025-12-04T11:44:53.811+0000] {logging_mixin.py:188} INFO - ✓ HTML страницы получен (2686859 символов)
[2025-12-04T11:44:53.812+0000] {logging_mixin.py:188} INFO - 📊 Примерно собрано: ~60 товаров
[2025-12-04T11:44:53.813+0000] {logging_mixin.py:188} INFO - 
⏩ Переход на страницу 2...
[2025-12-04T11:44:55.815+0000] {logging_mixin.py:188} INFO - 
======================================================================
[2025-12-04T11:44:55.817+0000] {logging_mixin.py:188} INFO - 📄 Страница 2: https://www.ebay.com/sch/i.html?_nkw=laptop&_sacat=0&_from=R40&_pgn=2
[2025-12-04T11:44:55.818+0000] {logging_mixin.py:188} INFO - ======================================================================
[2025-12-04T11:44:59.070+0000] {logging_mixin.py:188} INFO - Ожидание загрузки товаров...
[2025-12-04T11:44:59.120+0000] {logging_mixin.py:188} INFO - ✓ Товары загружены!
[2025-12-04T11:44:59.122+0000] {logging_mixin.py:188} INFO - Прокрутка страницы...
[2025-12-04T11:45:06.304+0000] {logging_mixin.py:188} INFO - ✓ HTML страницы получен (2405113 символов)
[2025-12-04T11:45:06.305+0000] {logging_mixin.py:188} INFO - 📊 Примерно собрано: ~120 товаров
[2025-12-04T11:45:06.306+0000] {logging_mixin.py:188} INFO - 
✅ Достигнуто примерное количество товаров
[2025-12-04T11:45:06.306+0000] {logging_mixin.py:188} INFO - 
✓ Загружено страниц: 2
[2025-12-04T11:45:06.307+0000] {logging_mixin.py:188} INFO - 
Закрытие браузера...
[2025-12-04T11:45:06.749+0000] {airflow_dag.py:42} INFO - ✅ SCRAPING DONE. Pages saved: 2
[2025-12-04T11:45:06.751+0000] {airflow_dag.py:43} INFO - 💾 RAW DATA SAVED TO: /opt/***/dags/raw_items.json
[2025-12-04T11:45:06.759+0000] {python.py:237} INFO - Done. Returned value was: None
[2025-12-04T11:45:06.762+0000] {taskinstance.py:441} INFO - ::group::Post task execution logs
[2025-12-04T11:45:06.807+0000] {taskinstance.py:1206} INFO - Marking task as SUCCESS. dag_id=ebay_scraper_pipeline, task_id=scraping, run_id=scheduled__2025-12-03T00:00:00+00:00, execution_date=20251203T000000, start_date=20251204T114438, end_date=20251204T114506
[2025-12-04T11:45:06.867+0000] {local_task_job_runner.py:240} INFO - Task exited with return code 0
[2025-12-04T11:45:06.930+0000] {taskinstance.py:3498} INFO - 1 downstream tasks scheduled from follow-on schedule check
[2025-12-04T11:45:06.933+0000] {local_task_job_runner.py:222} INFO - ::endgroup::
