[2025-12-03T15:21:26.264+0000] {local_task_job_runner.py:120} INFO - ::group::Pre task execution logs
[2025-12-03T15:21:26.295+0000] {taskinstance.py:2076} INFO - Dependencies all met for dep_context=non-requeueable deps ti=<TaskInstance: ebay_scraper_pipeline.scraping manual__2025-12-03T15:21:25.876992+00:00 [queued]>
[2025-12-03T15:21:26.300+0000] {taskinstance.py:2076} INFO - Dependencies all met for dep_context=requeueable deps ti=<TaskInstance: ebay_scraper_pipeline.scraping manual__2025-12-03T15:21:25.876992+00:00 [queued]>
[2025-12-03T15:21:26.301+0000] {taskinstance.py:2306} INFO - Starting attempt 1 of 4
[2025-12-03T15:21:26.310+0000] {taskinstance.py:2330} INFO - Executing <Task(PythonOperator): scraping> on 2025-12-03 15:21:25.876992+00:00
[2025-12-03T15:21:26.315+0000] {standard_task_runner.py:90} INFO - Running: ['***', 'tasks', 'run', 'ebay_scraper_pipeline', 'scraping', 'manual__2025-12-03T15:21:25.876992+00:00', '--job-id', '9', '--raw', '--subdir', 'DAGS_FOLDER/***_dag.py', '--cfg-path', '/tmp/tmpohlpz9sx']
[2025-12-03T15:21:26.318+0000] {standard_task_runner.py:91} INFO - Job 9: Subtask scraping
[2025-12-03T15:21:26.318+0000] {logging_mixin.py:188} WARNING - /home/***/.local/lib/python3.12/site-packages/***/task/task_runner/standard_task_runner.py:61 DeprecationWarning: This process (pid=729) is multi-threaded, use of fork() may lead to deadlocks in the child.
[2025-12-03T15:21:26.318+0000] {standard_task_runner.py:63} INFO - Started process 730 to run task
[2025-12-03T15:21:26.361+0000] {task_command.py:426} INFO - Running <TaskInstance: ebay_scraper_pipeline.scraping manual__2025-12-03T15:21:25.876992+00:00 [running]> on host 561ed983102f
[2025-12-03T15:21:26.423+0000] {taskinstance.py:2648} INFO - Exporting env vars: AIRFLOW_CTX_DAG_OWNER='***' AIRFLOW_CTX_DAG_ID='ebay_scraper_pipeline' AIRFLOW_CTX_TASK_ID='scraping' AIRFLOW_CTX_EXECUTION_DATE='2025-12-03T15:21:25.876992+00:00' AIRFLOW_CTX_TRY_NUMBER='1' AIRFLOW_CTX_DAG_RUN_ID='manual__2025-12-03T15:21:25.876992+00:00'
[2025-12-03T15:21:26.424+0000] {taskinstance.py:430} INFO - ::endgroup::
[2025-12-03T15:21:26.433+0000] {airflow_dag.py:28} INFO - 🚀 START SCRAPING TASK
[2025-12-03T15:21:26.433+0000] {logging_mixin.py:188} INFO - ======================================================================
[2025-12-03T15:21:26.433+0000] {logging_mixin.py:188} INFO - Запуск браузера...
[2025-12-03T15:21:26.710+0000] {logging_mixin.py:188} INFO - 
======================================================================
[2025-12-03T15:21:26.711+0000] {logging_mixin.py:188} INFO - 📄 Страница 1: https://www.ebay.com/sch/i.html?_nkw=laptop&_sacat=0&_from=R40&_pgn=1
[2025-12-03T15:21:26.711+0000] {logging_mixin.py:188} INFO - ======================================================================
[2025-12-03T15:21:34.507+0000] {logging_mixin.py:188} INFO - Проверка на CAPTCHA...
[2025-12-03T15:21:56.054+0000] {logging_mixin.py:188} INFO - Ожидание загрузки товаров...
[2025-12-03T15:21:56.065+0000] {logging_mixin.py:188} INFO - ✓ Товары загружены!
[2025-12-03T15:21:56.066+0000] {logging_mixin.py:188} INFO - Прокрутка страницы...
[2025-12-03T15:22:00.167+0000] {logging_mixin.py:188} INFO - ✓ HTML страницы получен (1696484 символов)
[2025-12-03T15:22:00.167+0000] {logging_mixin.py:188} INFO - 📊 Примерно собрано: ~60 товаров
[2025-12-03T15:22:00.168+0000] {logging_mixin.py:188} INFO - 
⏩ Переход на страницу 2...
[2025-12-03T15:22:03.614+0000] {logging_mixin.py:188} INFO - 
======================================================================
[2025-12-03T15:22:03.616+0000] {logging_mixin.py:188} INFO - 📄 Страница 2: https://www.ebay.com/sch/i.html?_nkw=laptop&_sacat=0&_from=R40&_pgn=2
[2025-12-03T15:22:03.617+0000] {logging_mixin.py:188} INFO - ======================================================================
[2025-12-03T15:22:50.620+0000] {logging_mixin.py:188} INFO - Ожидание загрузки товаров...
[2025-12-03T15:22:50.631+0000] {logging_mixin.py:188} INFO - ✓ Товары загружены!
[2025-12-03T15:22:50.631+0000] {logging_mixin.py:188} INFO - Прокрутка страницы...
[2025-12-03T15:22:54.714+0000] {logging_mixin.py:188} INFO - ✓ HTML страницы получен (1411496 символов)
[2025-12-03T15:22:54.715+0000] {logging_mixin.py:188} INFO - 📊 Примерно собрано: ~120 товаров
[2025-12-03T15:22:54.715+0000] {logging_mixin.py:188} INFO - 
✅ Достигнуто примерное количество товаров
[2025-12-03T15:22:54.715+0000] {logging_mixin.py:188} INFO - 
✓ Загружено страниц: 2
[2025-12-03T15:22:54.715+0000] {logging_mixin.py:188} INFO - 
Закрытие браузера...
[2025-12-03T15:22:54.817+0000] {airflow_dag.py:42} INFO - ✅ SCRAPING DONE. Pages saved: 2
[2025-12-03T15:22:54.817+0000] {airflow_dag.py:43} INFO - 💾 RAW DATA SAVED TO: /opt/***/dags/raw_items.json
[2025-12-03T15:22:54.818+0000] {python.py:237} INFO - Done. Returned value was: None
[2025-12-03T15:22:54.818+0000] {taskinstance.py:441} INFO - ::group::Post task execution logs
[2025-12-03T15:22:54.827+0000] {taskinstance.py:1206} INFO - Marking task as SUCCESS. dag_id=ebay_scraper_pipeline, task_id=scraping, run_id=manual__2025-12-03T15:21:25.876992+00:00, execution_date=20251203T152125, start_date=20251203T152126, end_date=20251203T152254
[2025-12-03T15:22:54.875+0000] {local_task_job_runner.py:240} INFO - Task exited with return code 0
[2025-12-03T15:22:54.891+0000] {taskinstance.py:3498} INFO - 1 downstream tasks scheduled from follow-on schedule check
[2025-12-03T15:22:54.893+0000] {local_task_job_runner.py:222} INFO - ::endgroup::
