[2025-12-04T14:06:34.135+0000] {local_task_job_runner.py:120} INFO - ::group::Pre task execution logs
[2025-12-04T14:06:34.147+0000] {taskinstance.py:2076} INFO - Dependencies all met for dep_context=non-requeueable deps ti=<TaskInstance: ebay_scraper_pipeline.cleaning scheduled__2025-12-03T00:00:00+00:00 [queued]>
[2025-12-04T14:06:34.150+0000] {taskinstance.py:2076} INFO - Dependencies all met for dep_context=requeueable deps ti=<TaskInstance: ebay_scraper_pipeline.cleaning scheduled__2025-12-03T00:00:00+00:00 [queued]>
[2025-12-04T14:06:34.150+0000] {taskinstance.py:2306} INFO - Starting attempt 1 of 4
[2025-12-04T14:06:34.155+0000] {taskinstance.py:2330} INFO - Executing <Task(PythonOperator): cleaning> on 2025-12-03 00:00:00+00:00
[2025-12-04T14:06:34.158+0000] {standard_task_runner.py:90} INFO - Running: ['***', 'tasks', 'run', 'ebay_scraper_pipeline', 'cleaning', 'scheduled__2025-12-03T00:00:00+00:00', '--job-id', '6', '--raw', '--subdir', 'DAGS_FOLDER/***_dag.py', '--cfg-path', '/tmp/tmpot6bc8bi']
[2025-12-04T14:06:34.159+0000] {standard_task_runner.py:91} INFO - Job 6: Subtask cleaning
[2025-12-04T14:06:34.159+0000] {logging_mixin.py:188} WARNING - /home/***/.local/lib/python3.12/site-packages/***/task/task_runner/standard_task_runner.py:61 DeprecationWarning: This process (pid=1192) is multi-threaded, use of fork() may lead to deadlocks in the child.
[2025-12-04T14:06:34.160+0000] {standard_task_runner.py:63} INFO - Started process 1193 to run task
[2025-12-04T14:06:34.178+0000] {task_command.py:426} INFO - Running <TaskInstance: ebay_scraper_pipeline.cleaning scheduled__2025-12-03T00:00:00+00:00 [running]> on host 5917238ba377
[2025-12-04T14:06:34.208+0000] {taskinstance.py:2648} INFO - Exporting env vars: AIRFLOW_CTX_DAG_OWNER='***' AIRFLOW_CTX_DAG_ID='ebay_scraper_pipeline' AIRFLOW_CTX_TASK_ID='cleaning' AIRFLOW_CTX_EXECUTION_DATE='2025-12-03T00:00:00+00:00' AIRFLOW_CTX_TRY_NUMBER='1' AIRFLOW_CTX_DAG_RUN_ID='scheduled__2025-12-03T00:00:00+00:00'
[2025-12-04T14:06:34.209+0000] {taskinstance.py:430} INFO - ::endgroup::
[2025-12-04T14:06:34.214+0000] {airflow_dag.py:48} INFO - 🧹 START CLEANING TASK
[2025-12-04T14:06:34.233+0000] {logging_mixin.py:188} INFO - 
======================================================================
[2025-12-04T14:06:34.234+0000] {logging_mixin.py:188} INFO - Парсинг HTML страниц...
[2025-12-04T14:06:34.234+0000] {logging_mixin.py:188} INFO - ======================================================================
[2025-12-04T14:06:34.234+0000] {logging_mixin.py:188} INFO - 
Парсинг страницы 1/2...
[2025-12-04T14:06:34.393+0000] {logging_mixin.py:188} INFO - Найдено карточек товаров: 69
[2025-12-04T14:06:34.406+0000] {logging_mixin.py:188} INFO - ✓ Найдено товаров: 67
[2025-12-04T14:06:34.406+0000] {logging_mixin.py:188} INFO - 📊 Всего собрано: 67
[2025-12-04T14:06:34.406+0000] {logging_mixin.py:188} INFO - 
Парсинг страницы 2/2...
[2025-12-04T14:06:34.492+0000] {logging_mixin.py:188} INFO - Найдено карточек товаров: 62
[2025-12-04T14:06:34.504+0000] {logging_mixin.py:188} INFO - ✓ Найдено товаров: 60
[2025-12-04T14:06:34.504+0000] {logging_mixin.py:188} INFO - 📊 Всего собрано: 127
[2025-12-04T14:06:34.504+0000] {logging_mixin.py:188} INFO - 
======================================================================
[2025-12-04T14:06:34.504+0000] {logging_mixin.py:188} INFO - Очистка и нормализация данных...
[2025-12-04T14:06:34.504+0000] {logging_mixin.py:188} INFO - ======================================================================
[2025-12-04T14:06:34.505+0000] {logging_mixin.py:188} INFO - 
📋 Исходное количество товаров: 127
[2025-12-04T14:06:34.505+0000] {logging_mixin.py:188} INFO - 
🧹 Очистка данных...
[2025-12-04T14:06:34.508+0000] {logging_mixin.py:188} INFO -    ✓ Очищено товаров: 127
[2025-12-04T14:06:34.508+0000] {logging_mixin.py:188} INFO - 
🔍 Удаление дубликатов...
[2025-12-04T14:06:34.509+0000] {logging_mixin.py:188} INFO -    🗑️  Удалено дубликатов: 21
[2025-12-04T14:06:34.509+0000] {logging_mixin.py:188} INFO -    ✓ Уникальных товаров: 106
[2025-12-04T14:06:34.509+0000] {logging_mixin.py:188} INFO - 
======================================================================
[2025-12-04T14:06:34.509+0000] {logging_mixin.py:188} INFO - 📊 СТАТИСТИКА ОЧИСТКИ:
[2025-12-04T14:06:34.509+0000] {logging_mixin.py:188} INFO - ======================================================================
[2025-12-04T14:06:34.509+0000] {logging_mixin.py:188} INFO -    Исходных товаров:     127
[2025-12-04T14:06:34.509+0000] {logging_mixin.py:188} INFO -    Невалидных:           -0
[2025-12-04T14:06:34.509+0000] {logging_mixin.py:188} INFO -    После очистки:        127
[2025-12-04T14:06:34.509+0000] {logging_mixin.py:188} INFO -    Дубликатов удалено:   -21
[2025-12-04T14:06:34.509+0000] {logging_mixin.py:188} INFO -    ИТОГО:                106
[2025-12-04T14:06:34.510+0000] {logging_mixin.py:188} INFO - 
📈 ПОЛНОТА ДАННЫХ:
[2025-12-04T14:06:34.510+0000] {logging_mixin.py:188} INFO - ======================================================================
[2025-12-04T14:06:34.510+0000] {logging_mixin.py:188} INFO -    price               :   87/106 (82.1%)
[2025-12-04T14:06:34.510+0000] {logging_mixin.py:188} INFO -    condition           :   51/106 (48.1%)
[2025-12-04T14:06:34.510+0000] {logging_mixin.py:188} INFO -    location            :   16/106 (15.1%)
[2025-12-04T14:06:34.510+0000] {logging_mixin.py:188} INFO -    shipping_price      :    0/106 (0.0%)
[2025-12-04T14:06:34.510+0000] {logging_mixin.py:188} INFO - ======================================================================
[2025-12-04T14:06:34.510+0000] {logging_mixin.py:188} INFO - ✅ Парсинг завершен! Всего товаров: 106
[2025-12-04T14:06:34.510+0000] {logging_mixin.py:188} INFO - ======================================================================
[2025-12-04T14:06:34.512+0000] {airflow_dag.py:64} INFO - ✅ CLEANING DONE. Clean items: 106
[2025-12-04T14:06:34.513+0000] {airflow_dag.py:65} INFO - 💾 CLEAN DATA SAVED TO: /opt/***/dags/clean_items.json
[2025-12-04T14:06:34.513+0000] {python.py:237} INFO - Done. Returned value was: None
[2025-12-04T14:06:34.513+0000] {taskinstance.py:441} INFO - ::group::Post task execution logs
[2025-12-04T14:06:34.518+0000] {taskinstance.py:1206} INFO - Marking task as SUCCESS. dag_id=ebay_scraper_pipeline, task_id=cleaning, run_id=scheduled__2025-12-03T00:00:00+00:00, execution_date=20251203T000000, start_date=20251204T140634, end_date=20251204T140634
[2025-12-04T14:06:34.558+0000] {local_task_job_runner.py:240} INFO - Task exited with return code 0
[2025-12-04T14:06:34.567+0000] {taskinstance.py:3498} INFO - 1 downstream tasks scheduled from follow-on schedule check
[2025-12-04T14:06:34.568+0000] {local_task_job_runner.py:222} INFO - ::endgroup::
