[2025-12-04T14:06:35.025+0000] {local_task_job_runner.py:120} INFO - ::group::Pre task execution logs
[2025-12-04T14:06:35.038+0000] {taskinstance.py:2076} INFO - Dependencies all met for dep_context=non-requeueable deps ti=<TaskInstance: ebay_scraper_pipeline.loading scheduled__2025-12-03T00:00:00+00:00 [queued]>
[2025-12-04T14:06:35.041+0000] {taskinstance.py:2076} INFO - Dependencies all met for dep_context=requeueable deps ti=<TaskInstance: ebay_scraper_pipeline.loading scheduled__2025-12-03T00:00:00+00:00 [queued]>
[2025-12-04T14:06:35.041+0000] {taskinstance.py:2306} INFO - Starting attempt 1 of 4
[2025-12-04T14:06:35.045+0000] {taskinstance.py:2330} INFO - Executing <Task(PythonOperator): loading> on 2025-12-03 00:00:00+00:00
[2025-12-04T14:06:35.048+0000] {standard_task_runner.py:90} INFO - Running: ['***', 'tasks', 'run', 'ebay_scraper_pipeline', 'loading', 'scheduled__2025-12-03T00:00:00+00:00', '--job-id', '7', '--raw', '--subdir', 'DAGS_FOLDER/***_dag.py', '--cfg-path', '/tmp/tmptys7sjit']
[2025-12-04T14:06:35.050+0000] {standard_task_runner.py:91} INFO - Job 7: Subtask loading
[2025-12-04T14:06:35.049+0000] {logging_mixin.py:188} WARNING - /home/***/.local/lib/python3.12/site-packages/***/task/task_runner/standard_task_runner.py:61 DeprecationWarning: This process (pid=1194) is multi-threaded, use of fork() may lead to deadlocks in the child.
[2025-12-04T14:06:35.050+0000] {standard_task_runner.py:63} INFO - Started process 1195 to run task
[2025-12-04T14:06:35.070+0000] {task_command.py:426} INFO - Running <TaskInstance: ebay_scraper_pipeline.loading scheduled__2025-12-03T00:00:00+00:00 [running]> on host 5917238ba377
[2025-12-04T14:06:35.101+0000] {taskinstance.py:2648} INFO - Exporting env vars: AIRFLOW_CTX_DAG_OWNER='***' AIRFLOW_CTX_DAG_ID='ebay_scraper_pipeline' AIRFLOW_CTX_TASK_ID='loading' AIRFLOW_CTX_EXECUTION_DATE='2025-12-03T00:00:00+00:00' AIRFLOW_CTX_TRY_NUMBER='1' AIRFLOW_CTX_DAG_RUN_ID='scheduled__2025-12-03T00:00:00+00:00'
[2025-12-04T14:06:35.102+0000] {taskinstance.py:430} INFO - ::endgroup::
[2025-12-04T14:06:35.106+0000] {airflow_dag.py:70} INFO - 💾 START LOADING TASK
[2025-12-04T14:06:35.107+0000] {logging_mixin.py:188} INFO - 
======================================================================
[2025-12-04T14:06:35.107+0000] {logging_mixin.py:188} INFO - Сохранение данных...
[2025-12-04T14:06:35.108+0000] {logging_mixin.py:188} INFO - ======================================================================
[2025-12-04T14:06:35.109+0000] {logging_mixin.py:188} INFO - ✓ База данных '/opt/***/dags/ebay_products.db' создана/обновлена
[2025-12-04T14:06:35.113+0000] {logging_mixin.py:188} INFO - 
======================================================================
[2025-12-04T14:06:35.113+0000] {logging_mixin.py:188} INFO - 💾 Сохранение в базу данных '/opt/***/dags/ebay_products.db':
[2025-12-04T14:06:35.113+0000] {logging_mixin.py:188} INFO -    ✓ Добавлено новых записей: 45
[2025-12-04T14:06:35.113+0000] {logging_mixin.py:188} INFO -    ✓ Обновлено записей: 61
[2025-12-04T14:06:35.114+0000] {logging_mixin.py:188} INFO -    ✓ Всего в базе: 156
[2025-12-04T14:06:35.114+0000] {logging_mixin.py:188} INFO - ======================================================================
[2025-12-04T14:06:35.114+0000] {airflow_dag.py:86} INFO - ✅ LOADING DONE SUCCESSFULLY
[2025-12-04T14:06:35.114+0000] {airflow_dag.py:87} INFO - 📊 LOAD STATS: {'total_items': 106, 'json_saved': False, 'db_records_saved': 106}
[2025-12-04T14:06:35.114+0000] {python.py:237} INFO - Done. Returned value was: None
[2025-12-04T14:06:35.114+0000] {taskinstance.py:441} INFO - ::group::Post task execution logs
[2025-12-04T14:06:35.118+0000] {taskinstance.py:1206} INFO - Marking task as SUCCESS. dag_id=ebay_scraper_pipeline, task_id=loading, run_id=scheduled__2025-12-03T00:00:00+00:00, execution_date=20251203T000000, start_date=20251204T140635, end_date=20251204T140635
[2025-12-04T14:06:35.149+0000] {local_task_job_runner.py:240} INFO - Task exited with return code 0
[2025-12-04T14:06:35.157+0000] {taskinstance.py:3498} INFO - 0 downstream tasks scheduled from follow-on schedule check
[2025-12-04T14:06:35.157+0000] {local_task_job_runner.py:222} INFO - ::endgroup::
