[2025-12-03T14:42:38.551+0000] {local_task_job_runner.py:120} INFO - ::group::Pre task execution logs
[2025-12-03T14:42:38.573+0000] {taskinstance.py:2076} INFO - Dependencies all met for dep_context=non-requeueable deps ti=<TaskInstance: ebay_scraper_pipeline.scraping manual__2025-12-03T14:42:37.747979+00:00 [queued]>
[2025-12-03T14:42:38.579+0000] {taskinstance.py:2076} INFO - Dependencies all met for dep_context=requeueable deps ti=<TaskInstance: ebay_scraper_pipeline.scraping manual__2025-12-03T14:42:37.747979+00:00 [queued]>
[2025-12-03T14:42:38.580+0000] {taskinstance.py:2306} INFO - Starting attempt 1 of 4
[2025-12-03T14:42:38.588+0000] {taskinstance.py:2330} INFO - Executing <Task(PythonOperator): scraping> on 2025-12-03 14:42:37.747979+00:00
[2025-12-03T14:42:38.593+0000] {standard_task_runner.py:90} INFO - Running: ['***', 'tasks', 'run', 'ebay_scraper_pipeline', 'scraping', 'manual__2025-12-03T14:42:37.747979+00:00', '--job-id', '14', '--raw', '--subdir', 'DAGS_FOLDER/***_dag.py', '--cfg-path', '/tmp/tmp39thdg7_']
[2025-12-03T14:42:38.596+0000] {logging_mixin.py:188} WARNING - /home/***/.local/lib/python3.12/site-packages/***/task/task_runner/standard_task_runner.py:61 DeprecationWarning: This process (pid=178) is multi-threaded, use of fork() may lead to deadlocks in the child.
[2025-12-03T14:42:38.596+0000] {standard_task_runner.py:91} INFO - Job 14: Subtask scraping
[2025-12-03T14:42:38.596+0000] {standard_task_runner.py:63} INFO - Started process 179 to run task
[2025-12-03T14:42:38.642+0000] {task_command.py:426} INFO - Running <TaskInstance: ebay_scraper_pipeline.scraping manual__2025-12-03T14:42:37.747979+00:00 [running]> on host 018332a407a3
[2025-12-03T14:42:38.708+0000] {taskinstance.py:2648} INFO - Exporting env vars: AIRFLOW_CTX_DAG_OWNER='***' AIRFLOW_CTX_DAG_ID='ebay_scraper_pipeline' AIRFLOW_CTX_TASK_ID='scraping' AIRFLOW_CTX_EXECUTION_DATE='2025-12-03T14:42:37.747979+00:00' AIRFLOW_CTX_TRY_NUMBER='1' AIRFLOW_CTX_DAG_RUN_ID='manual__2025-12-03T14:42:37.747979+00:00'
[2025-12-03T14:42:38.709+0000] {taskinstance.py:430} INFO - ::endgroup::
[2025-12-03T14:42:38.719+0000] {airflow_dag.py:28} INFO - 🚀 START SCRAPING TASK
[2025-12-03T14:42:38.719+0000] {logging_mixin.py:188} INFO - ======================================================================
[2025-12-03T14:42:38.720+0000] {logging_mixin.py:188} INFO - Запуск браузера...
[2025-12-03T14:42:39.174+0000] {logging_mixin.py:188} INFO - 
======================================================================
[2025-12-03T14:42:39.175+0000] {logging_mixin.py:188} INFO - 📄 Страница 1: https://www.ebay.com/sch/i.html?_nkw=laptop&_sacat=0&_from=R40&_pgn=1
[2025-12-03T14:42:39.175+0000] {logging_mixin.py:188} INFO - ======================================================================
[2025-12-03T14:42:45.171+0000] {logging_mixin.py:188} INFO - Проверка на CAPTCHA...
[2025-12-03T14:42:48.485+0000] {logging_mixin.py:188} INFO - 
======================================================================
[2025-12-03T14:42:48.485+0000] {logging_mixin.py:188} INFO - ⚠️  ОБНАРУЖЕНА CAPTCHA!
[2025-12-03T14:42:48.486+0000] {logging_mixin.py:188} INFO - Пожалуйста, решите CAPTCHA вручную в открытом браузере
[2025-12-03T14:42:48.486+0000] {logging_mixin.py:188} INFO - После решения CAPTCHA нажмите Enter в консоли...
[2025-12-03T14:42:48.486+0000] {logging_mixin.py:188} INFO - ======================================================================
[2025-12-03T14:42:48.487+0000] {logging_mixin.py:188} INFO - Нажмите Enter после решения CAPTCHA: 
[2025-12-03T14:42:48.487+0000] {logging_mixin.py:188} INFO - 
❌ Ошибка при загрузке: EOF when reading a line
[2025-12-03T14:42:48.489+0000] {logging_mixin.py:188} WARNING - Traceback (most recent call last):
[2025-12-03T14:42:48.490+0000] {logging_mixin.py:188} WARNING -   File "/opt/***/dags/src/scraper.py", line 239, in scrape_ebay
    html = scrape_page(driver, url, page_num)
           ^^^^^^^^^^^^^^^^^^^^^^^^^^^^^^^^^^
[2025-12-03T14:42:48.490+0000] {logging_mixin.py:188} WARNING -   File "/opt/***/dags/src/scraper.py", line 73, in scrape_page
    input("Нажмите Enter после решения CAPTCHA: ")
[2025-12-03T14:42:48.490+0000] {logging_mixin.py:188} WARNING - EOFError: EOF when reading a line
[2025-12-03T14:42:48.491+0000] {logging_mixin.py:188} INFO - 
Закрытие браузера...
[2025-12-03T14:42:48.573+0000] {taskinstance.py:441} INFO - ::group::Post task execution logs
[2025-12-03T14:42:48.573+0000] {taskinstance.py:2905} ERROR - Task failed with exception
Traceback (most recent call last):
  File "/home/airflow/.local/lib/python3.12/site-packages/airflow/models/taskinstance.py", line 465, in _execute_task
    result = _execute_callable(context=context, **execute_callable_kwargs)
             ^^^^^^^^^^^^^^^^^^^^^^^^^^^^^^^^^^^^^^^^^^^^^^^^^^^^^^^^^^^^^
  File "/home/airflow/.local/lib/python3.12/site-packages/airflow/models/taskinstance.py", line 432, in _execute_callable
    return execute_callable(context=context, **execute_callable_kwargs)
           ^^^^^^^^^^^^^^^^^^^^^^^^^^^^^^^^^^^^^^^^^^^^^^^^^^^^^^^^^^^^
  File "/home/airflow/.local/lib/python3.12/site-packages/airflow/models/baseoperator.py", line 400, in wrapper
    return func(self, *args, **kwargs)
           ^^^^^^^^^^^^^^^^^^^^^^^^^^^
  File "/home/airflow/.local/lib/python3.12/site-packages/airflow/operators/python.py", line 235, in execute
    return_value = self.execute_callable()
                   ^^^^^^^^^^^^^^^^^^^^^^^
  File "/home/airflow/.local/lib/python3.12/site-packages/airflow/operators/python.py", line 252, in execute_callable
    return self.python_callable(*self.op_args, **self.op_kwargs)
           ^^^^^^^^^^^^^^^^^^^^^^^^^^^^^^^^^^^^^^^^^^^^^^^^^^^^^
  File "/opt/airflow/dags/airflow_dag.py", line 37, in scraping_task
    raise Exception("❌ SCRAPING FAILED: No pages downloaded")
Exception: ❌ SCRAPING FAILED: No pages downloaded
[2025-12-03T14:42:48.582+0000] {taskinstance.py:1206} INFO - Marking task as UP_FOR_RETRY. dag_id=ebay_scraper_pipeline, task_id=scraping, run_id=manual__2025-12-03T14:42:37.747979+00:00, execution_date=20251203T144237, start_date=20251203T144238, end_date=20251203T144248
[2025-12-03T14:42:48.589+0000] {standard_task_runner.py:110} ERROR - Failed to execute job 14 for task scraping (❌ SCRAPING FAILED: No pages downloaded; 179)
[2025-12-03T14:42:48.599+0000] {local_task_job_runner.py:240} INFO - Task exited with return code 1
[2025-12-03T14:42:48.615+0000] {taskinstance.py:3498} INFO - 0 downstream tasks scheduled from follow-on schedule check
[2025-12-03T14:42:48.617+0000] {local_task_job_runner.py:222} INFO - ::endgroup::
