[2025-12-04T16:18:06.050+0000] {local_task_job_runner.py:120} INFO - ::group::Pre task execution logs
[2025-12-04T16:18:06.063+0000] {taskinstance.py:2076} INFO - Dependencies all met for dep_context=non-requeueable deps ti=<TaskInstance: ebay_scraper_pipeline.scraping manual__2025-12-04T16:14:56.974513+00:00 [queued]>
[2025-12-04T16:18:06.066+0000] {taskinstance.py:2076} INFO - Dependencies all met for dep_context=requeueable deps ti=<TaskInstance: ebay_scraper_pipeline.scraping manual__2025-12-04T16:14:56.974513+00:00 [queued]>
[2025-12-04T16:18:06.066+0000] {taskinstance.py:2306} INFO - Starting attempt 2 of 4
[2025-12-04T16:18:06.070+0000] {taskinstance.py:2330} INFO - Executing <Task(PythonOperator): scraping> on 2025-12-04 16:14:56.974513+00:00
[2025-12-04T16:18:06.074+0000] {standard_task_runner.py:90} INFO - Running: ['***', 'tasks', 'run', 'ebay_scraper_pipeline', 'scraping', 'manual__2025-12-04T16:14:56.974513+00:00', '--job-id', '9', '--raw', '--subdir', 'DAGS_FOLDER/***_dag.py', '--cfg-path', '/tmp/tmpaeefre_5']
[2025-12-04T16:18:06.075+0000] {standard_task_runner.py:91} INFO - Job 9: Subtask scraping
[2025-12-04T16:18:06.075+0000] {logging_mixin.py:188} WARNING - /home/***/.local/lib/python3.12/site-packages/***/task/task_runner/standard_task_runner.py:61 DeprecationWarning: This process (pid=2679) is multi-threaded, use of fork() may lead to deadlocks in the child.
[2025-12-04T16:18:06.076+0000] {standard_task_runner.py:63} INFO - Started process 2680 to run task
[2025-12-04T16:18:06.093+0000] {task_command.py:426} INFO - Running <TaskInstance: ebay_scraper_pipeline.scraping manual__2025-12-04T16:14:56.974513+00:00 [running]> on host 5917238ba377
[2025-12-04T16:18:06.126+0000] {taskinstance.py:2648} INFO - Exporting env vars: AIRFLOW_CTX_DAG_OWNER='***' AIRFLOW_CTX_DAG_ID='ebay_scraper_pipeline' AIRFLOW_CTX_TASK_ID='scraping' AIRFLOW_CTX_EXECUTION_DATE='2025-12-04T16:14:56.974513+00:00' AIRFLOW_CTX_TRY_NUMBER='2' AIRFLOW_CTX_DAG_RUN_ID='manual__2025-12-04T16:14:56.974513+00:00'
[2025-12-04T16:18:06.126+0000] {taskinstance.py:430} INFO - ::endgroup::
[2025-12-04T16:18:06.131+0000] {airflow_dag.py:24} INFO - 🚀 START SCRAPING TASK
[2025-12-04T16:18:06.131+0000] {logging_mixin.py:188} INFO - ======================================================================
[2025-12-04T16:18:06.131+0000] {logging_mixin.py:188} INFO - Запуск браузера...
[2025-12-04T16:18:06.410+0000] {logging_mixin.py:188} INFO - 
======================================================================
[2025-12-04T16:18:06.411+0000] {logging_mixin.py:188} INFO - 📄 Страница 1: https://www.ebay.com/sch/i.html?_nkw=laptop&_sacat=0&_from=R40&_pgn=1
[2025-12-04T16:18:06.411+0000] {logging_mixin.py:188} INFO - ======================================================================
[2025-12-04T16:18:09.197+0000] {logging_mixin.py:188} INFO - Проверка на CAPTCHA...
[2025-12-04T16:18:13.103+0000] {logging_mixin.py:188} INFO - Ожидание загрузки товаров...
[2025-12-04T16:18:13.114+0000] {logging_mixin.py:188} INFO - ✓ Товары загружены!
[2025-12-04T16:18:13.114+0000] {logging_mixin.py:188} INFO - Прокрутка страницы...
[2025-12-04T16:18:17.367+0000] {logging_mixin.py:188} INFO - ✓ HTML страницы получен (2729742 символов)
[2025-12-04T16:18:17.368+0000] {logging_mixin.py:188} INFO - 📊 Примерно собрано: ~60 товаров
[2025-12-04T16:18:17.368+0000] {logging_mixin.py:188} INFO - 
⏩ Переход на страницу 2...
[2025-12-04T16:18:19.368+0000] {logging_mixin.py:188} INFO - 
======================================================================
[2025-12-04T16:18:19.369+0000] {logging_mixin.py:188} INFO - 📄 Страница 2: https://www.ebay.com/sch/i.html?_nkw=laptop&_sacat=0&_from=R40&_pgn=2
[2025-12-04T16:18:19.370+0000] {logging_mixin.py:188} INFO - ======================================================================
[2025-12-04T16:18:23.197+0000] {logging_mixin.py:188} INFO - Ожидание загрузки товаров...
[2025-12-04T16:18:23.349+0000] {logging_mixin.py:188} INFO - ✓ Товары загружены!
[2025-12-04T16:18:23.350+0000] {logging_mixin.py:188} INFO - Прокрутка страницы...
[2025-12-04T16:18:27.574+0000] {logging_mixin.py:188} INFO - ✓ HTML страницы получен (2412291 символов)
[2025-12-04T16:18:27.574+0000] {logging_mixin.py:188} INFO - 📊 Примерно собрано: ~120 товаров
[2025-12-04T16:18:27.574+0000] {logging_mixin.py:188} INFO - 
✅ Достигнуто примерное количество товаров
[2025-12-04T16:18:27.575+0000] {logging_mixin.py:188} INFO - 
✓ Загружено страниц: 2
[2025-12-04T16:18:27.575+0000] {logging_mixin.py:188} INFO - 
Закрытие браузера...
[2025-12-04T16:18:27.691+0000] {airflow_dag.py:38} INFO - ✅ SCRAPING DONE. Pages saved: 2
[2025-12-04T16:18:27.691+0000] {airflow_dag.py:39} INFO - 💾 RAW DATA SAVED TO: /opt/***/dags/raw_items.json
[2025-12-04T16:18:27.692+0000] {python.py:237} INFO - Done. Returned value was: None
[2025-12-04T16:18:27.692+0000] {taskinstance.py:441} INFO - ::group::Post task execution logs
[2025-12-04T16:18:27.699+0000] {taskinstance.py:1206} INFO - Marking task as SUCCESS. dag_id=ebay_scraper_pipeline, task_id=scraping, run_id=manual__2025-12-04T16:14:56.974513+00:00, execution_date=20251204T161456, start_date=20251204T161806, end_date=20251204T161827
[2025-12-04T16:18:27.720+0000] {local_task_job_runner.py:240} INFO - Task exited with return code 0
[2025-12-04T16:18:27.731+0000] {taskinstance.py:3498} INFO - 1 downstream tasks scheduled from follow-on schedule check
[2025-12-04T16:18:27.731+0000] {local_task_job_runner.py:222} INFO - ::endgroup::
