[2025-12-03T15:18:49.706+0000] {local_task_job_runner.py:120} INFO - ::group::Pre task execution logs
[2025-12-03T15:18:49.733+0000] {taskinstance.py:2076} INFO - Dependencies all met for dep_context=non-requeueable deps ti=<TaskInstance: ebay_scraper_pipeline.cleaning scheduled__2025-12-02T00:00:00+00:00 [queued]>
[2025-12-03T15:18:49.739+0000] {taskinstance.py:2076} INFO - Dependencies all met for dep_context=requeueable deps ti=<TaskInstance: ebay_scraper_pipeline.cleaning scheduled__2025-12-02T00:00:00+00:00 [queued]>
[2025-12-03T15:18:49.740+0000] {taskinstance.py:2306} INFO - Starting attempt 1 of 4
[2025-12-03T15:18:49.749+0000] {taskinstance.py:2330} INFO - Executing <Task(PythonOperator): cleaning> on 2025-12-02 00:00:00+00:00
[2025-12-03T15:18:49.754+0000] {standard_task_runner.py:90} INFO - Running: ['***', 'tasks', 'run', 'ebay_scraper_pipeline', 'cleaning', 'scheduled__2025-12-02T00:00:00+00:00', '--job-id', '7', '--raw', '--subdir', 'DAGS_FOLDER/***_dag.py', '--cfg-path', '/tmp/tmpu5r4nq0t']
[2025-12-03T15:18:49.757+0000] {standard_task_runner.py:91} INFO - Job 7: Subtask cleaning
[2025-12-03T15:18:49.757+0000] {logging_mixin.py:188} WARNING - /home/***/.local/lib/python3.12/site-packages/***/task/task_runner/standard_task_runner.py:61 DeprecationWarning: This process (pid=695) is multi-threaded, use of fork() may lead to deadlocks in the child.
[2025-12-03T15:18:49.758+0000] {standard_task_runner.py:63} INFO - Started process 696 to run task
[2025-12-03T15:18:49.797+0000] {task_command.py:426} INFO - Running <TaskInstance: ebay_scraper_pipeline.cleaning scheduled__2025-12-02T00:00:00+00:00 [running]> on host 561ed983102f
[2025-12-03T15:18:49.852+0000] {taskinstance.py:2648} INFO - Exporting env vars: AIRFLOW_CTX_DAG_OWNER='***' AIRFLOW_CTX_DAG_ID='ebay_scraper_pipeline' AIRFLOW_CTX_TASK_ID='cleaning' AIRFLOW_CTX_EXECUTION_DATE='2025-12-02T00:00:00+00:00' AIRFLOW_CTX_TRY_NUMBER='1' AIRFLOW_CTX_DAG_RUN_ID='scheduled__2025-12-02T00:00:00+00:00'
[2025-12-03T15:18:49.853+0000] {taskinstance.py:430} INFO - ::endgroup::
[2025-12-03T15:18:49.862+0000] {airflow_dag.py:48} INFO - 🧹 START CLEANING TASK
[2025-12-03T15:18:49.879+0000] {logging_mixin.py:188} INFO - 
======================================================================
[2025-12-03T15:18:49.879+0000] {logging_mixin.py:188} INFO - Парсинг HTML страниц...
[2025-12-03T15:18:49.879+0000] {logging_mixin.py:188} INFO - ======================================================================
[2025-12-03T15:18:49.879+0000] {logging_mixin.py:188} INFO - 
Парсинг страницы 1/1...
[2025-12-03T15:18:50.118+0000] {logging_mixin.py:188} INFO - Найдено карточек товаров: 68
[2025-12-03T15:18:50.143+0000] {logging_mixin.py:188} INFO - ✓ Найдено товаров: 66
[2025-12-03T15:18:50.144+0000] {logging_mixin.py:188} INFO - 📊 Всего собрано: 66
[2025-12-03T15:18:50.144+0000] {logging_mixin.py:188} INFO - 
======================================================================
[2025-12-03T15:18:50.145+0000] {logging_mixin.py:188} INFO - Очистка и нормализация данных...
[2025-12-03T15:18:50.145+0000] {logging_mixin.py:188} INFO - ======================================================================
[2025-12-03T15:18:50.145+0000] {logging_mixin.py:188} INFO - 
📋 Исходное количество товаров: 66
[2025-12-03T15:18:50.146+0000] {logging_mixin.py:188} INFO - 
🧹 Очистка данных...
[2025-12-03T15:18:50.151+0000] {logging_mixin.py:188} INFO -    ✓ Очищено товаров: 66
[2025-12-03T15:18:50.151+0000] {logging_mixin.py:188} INFO - 
🔍 Удаление дубликатов...
[2025-12-03T15:18:50.151+0000] {logging_mixin.py:188} INFO -    🗑️  Удалено дубликатов: 4
[2025-12-03T15:18:50.151+0000] {logging_mixin.py:188} INFO -    ✓ Уникальных товаров: 62
[2025-12-03T15:18:50.152+0000] {logging_mixin.py:188} INFO - 
======================================================================
[2025-12-03T15:18:50.152+0000] {logging_mixin.py:188} INFO - 📊 СТАТИСТИКА ОЧИСТКИ:
[2025-12-03T15:18:50.152+0000] {logging_mixin.py:188} INFO - ======================================================================
[2025-12-03T15:18:50.152+0000] {logging_mixin.py:188} INFO -    Исходных товаров:     66
[2025-12-03T15:18:50.152+0000] {logging_mixin.py:188} INFO -    Невалидных:           -0
[2025-12-03T15:18:50.153+0000] {logging_mixin.py:188} INFO -    После очистки:        66
[2025-12-03T15:18:50.153+0000] {logging_mixin.py:188} INFO -    Дубликатов удалено:   -4
[2025-12-03T15:18:50.153+0000] {logging_mixin.py:188} INFO -    ИТОГО:                62
[2025-12-03T15:18:50.153+0000] {logging_mixin.py:188} INFO - 
📈 ПОЛНОТА ДАННЫХ:
[2025-12-03T15:18:50.153+0000] {logging_mixin.py:188} INFO - ======================================================================
[2025-12-03T15:18:50.154+0000] {logging_mixin.py:188} INFO -    price               :   52/62 (83.9%)
[2025-12-03T15:18:50.154+0000] {logging_mixin.py:188} INFO -    condition           :   33/62 (53.2%)
[2025-12-03T15:18:50.154+0000] {logging_mixin.py:188} INFO -    location            :    7/62 (11.3%)
[2025-12-03T15:18:50.154+0000] {logging_mixin.py:188} INFO -    shipping_price      :    0/62 (0.0%)
[2025-12-03T15:18:50.154+0000] {logging_mixin.py:188} INFO - ======================================================================
[2025-12-03T15:18:50.154+0000] {logging_mixin.py:188} INFO - ✅ Парсинг завершен! Всего товаров: 62
[2025-12-03T15:18:50.155+0000] {logging_mixin.py:188} INFO - ======================================================================
[2025-12-03T15:18:50.157+0000] {airflow_dag.py:64} INFO - ✅ CLEANING DONE. Clean items: 62
[2025-12-03T15:18:50.157+0000] {airflow_dag.py:65} INFO - 💾 CLEAN DATA SAVED TO: /opt/***/dags/clean_items.json
[2025-12-03T15:18:50.157+0000] {python.py:237} INFO - Done. Returned value was: None
[2025-12-03T15:18:50.158+0000] {taskinstance.py:441} INFO - ::group::Post task execution logs
[2025-12-03T15:18:50.164+0000] {taskinstance.py:1206} INFO - Marking task as SUCCESS. dag_id=ebay_scraper_pipeline, task_id=cleaning, run_id=scheduled__2025-12-02T00:00:00+00:00, execution_date=20251202T000000, start_date=20251203T151849, end_date=20251203T151850
[2025-12-03T15:18:50.211+0000] {local_task_job_runner.py:240} INFO - Task exited with return code 0
[2025-12-03T15:18:50.225+0000] {taskinstance.py:3498} INFO - 1 downstream tasks scheduled from follow-on schedule check
[2025-12-03T15:18:50.226+0000] {local_task_job_runner.py:222} INFO - ::endgroup::
