[2025-12-03T15:16:26.357+0000] {local_task_job_runner.py:120} INFO - ::group::Pre task execution logs
[2025-12-03T15:16:26.393+0000] {taskinstance.py:2076} INFO - Dependencies all met for dep_context=non-requeueable deps ti=<TaskInstance: ebay_scraper_pipeline.scraping manual__2025-12-03T15:16:25.229530+00:00 [queued]>
[2025-12-03T15:16:26.400+0000] {taskinstance.py:2076} INFO - Dependencies all met for dep_context=requeueable deps ti=<TaskInstance: ebay_scraper_pipeline.scraping manual__2025-12-03T15:16:25.229530+00:00 [queued]>
[2025-12-03T15:16:26.400+0000] {taskinstance.py:2306} INFO - Starting attempt 1 of 4
[2025-12-03T15:16:26.409+0000] {taskinstance.py:2330} INFO - Executing <Task(PythonOperator): scraping> on 2025-12-03 15:16:25.229530+00:00
[2025-12-03T15:16:26.413+0000] {standard_task_runner.py:90} INFO - Running: ['***', 'tasks', 'run', 'ebay_scraper_pipeline', 'scraping', 'manual__2025-12-03T15:16:25.229530+00:00', '--job-id', '3', '--raw', '--subdir', 'DAGS_FOLDER/***_dag.py', '--cfg-path', '/tmp/tmpli7aqtr8']
[2025-12-03T15:16:26.415+0000] {standard_task_runner.py:91} INFO - Job 3: Subtask scraping
[2025-12-03T15:16:26.415+0000] {logging_mixin.py:188} WARNING - /home/***/.local/lib/python3.12/site-packages/***/task/task_runner/standard_task_runner.py:61 DeprecationWarning: This process (pid=351) is multi-threaded, use of fork() may lead to deadlocks in the child.
[2025-12-03T15:16:26.416+0000] {standard_task_runner.py:63} INFO - Started process 352 to run task
[2025-12-03T15:16:26.459+0000] {task_command.py:426} INFO - Running <TaskInstance: ebay_scraper_pipeline.scraping manual__2025-12-03T15:16:25.229530+00:00 [running]> on host 561ed983102f
[2025-12-03T15:16:26.519+0000] {taskinstance.py:2648} INFO - Exporting env vars: AIRFLOW_CTX_DAG_OWNER='***' AIRFLOW_CTX_DAG_ID='ebay_scraper_pipeline' AIRFLOW_CTX_TASK_ID='scraping' AIRFLOW_CTX_EXECUTION_DATE='2025-12-03T15:16:25.229530+00:00' AIRFLOW_CTX_TRY_NUMBER='1' AIRFLOW_CTX_DAG_RUN_ID='manual__2025-12-03T15:16:25.229530+00:00'
[2025-12-03T15:16:26.520+0000] {taskinstance.py:430} INFO - ::endgroup::
[2025-12-03T15:16:26.529+0000] {airflow_dag.py:28} INFO - 🚀 START SCRAPING TASK
[2025-12-03T15:16:26.529+0000] {logging_mixin.py:188} INFO - ======================================================================
[2025-12-03T15:16:26.530+0000] {logging_mixin.py:188} INFO - Запуск браузера...
[2025-12-03T15:16:26.835+0000] {logging_mixin.py:188} INFO - 
======================================================================
[2025-12-03T15:16:26.835+0000] {logging_mixin.py:188} INFO - 📄 Страница 1: https://www.ebay.com/sch/i.html?_nkw=laptop&_sacat=0&_from=R40&_pgn=1
[2025-12-03T15:16:26.835+0000] {logging_mixin.py:188} INFO - ======================================================================
[2025-12-03T15:16:31.932+0000] {logging_mixin.py:188} INFO - Проверка на CAPTCHA...
[2025-12-03T15:16:38.423+0000] {logging_mixin.py:188} INFO - Ожидание загрузки товаров...
[2025-12-03T15:16:38.432+0000] {logging_mixin.py:188} INFO - ✓ Товары загружены!
[2025-12-03T15:16:38.433+0000] {logging_mixin.py:188} INFO - Прокрутка страницы...
[2025-12-03T15:16:44.168+0000] {logging_mixin.py:188} INFO - ✓ HTML страницы получен (2681794 символов)
[2025-12-03T15:16:44.169+0000] {logging_mixin.py:188} INFO - 📊 Примерно собрано: ~60 товаров
[2025-12-03T15:16:44.169+0000] {logging_mixin.py:188} INFO - 
✅ Достигнуто примерное количество товаров
[2025-12-03T15:16:44.169+0000] {logging_mixin.py:188} INFO - 
✓ Загружено страниц: 1
[2025-12-03T15:16:44.170+0000] {logging_mixin.py:188} INFO - 
Закрытие браузера...
[2025-12-03T15:16:44.265+0000] {airflow_dag.py:42} INFO - ✅ SCRAPING DONE. Pages saved: 1
[2025-12-03T15:16:44.265+0000] {airflow_dag.py:43} INFO - 💾 RAW DATA SAVED TO: /opt/***/dags/raw_items.json
[2025-12-03T15:16:44.267+0000] {python.py:237} INFO - Done. Returned value was: None
[2025-12-03T15:16:44.267+0000] {taskinstance.py:441} INFO - ::group::Post task execution logs
[2025-12-03T15:16:44.275+0000] {taskinstance.py:1206} INFO - Marking task as SUCCESS. dag_id=ebay_scraper_pipeline, task_id=scraping, run_id=manual__2025-12-03T15:16:25.229530+00:00, execution_date=20251203T151625, start_date=20251203T151626, end_date=20251203T151644
[2025-12-03T15:16:44.311+0000] {local_task_job_runner.py:240} INFO - Task exited with return code 0
[2025-12-03T15:16:44.328+0000] {taskinstance.py:3498} INFO - 1 downstream tasks scheduled from follow-on schedule check
[2025-12-03T15:16:44.329+0000] {local_task_job_runner.py:222} INFO - ::endgroup::
