[2025-12-03T15:22:55.228+0000] {local_task_job_runner.py:120} INFO - ::group::Pre task execution logs
[2025-12-03T15:22:55.251+0000] {taskinstance.py:2076} INFO - Dependencies all met for dep_context=non-requeueable deps ti=<TaskInstance: ebay_scraper_pipeline.cleaning manual__2025-12-03T15:21:25.876992+00:00 [queued]>
[2025-12-03T15:22:55.257+0000] {taskinstance.py:2076} INFO - Dependencies all met for dep_context=requeueable deps ti=<TaskInstance: ebay_scraper_pipeline.cleaning manual__2025-12-03T15:21:25.876992+00:00 [queued]>
[2025-12-03T15:22:55.258+0000] {taskinstance.py:2306} INFO - Starting attempt 1 of 4
[2025-12-03T15:22:55.266+0000] {taskinstance.py:2330} INFO - Executing <Task(PythonOperator): cleaning> on 2025-12-03 15:21:25.876992+00:00
[2025-12-03T15:22:55.271+0000] {standard_task_runner.py:90} INFO - Running: ['***', 'tasks', 'run', 'ebay_scraper_pipeline', 'cleaning', 'manual__2025-12-03T15:21:25.876992+00:00', '--job-id', '10', '--raw', '--subdir', 'DAGS_FOLDER/***_dag.py', '--cfg-path', '/tmp/tmpqi9w4yo0']
[2025-12-03T15:22:55.273+0000] {standard_task_runner.py:91} INFO - Job 10: Subtask cleaning
[2025-12-03T15:22:55.273+0000] {logging_mixin.py:188} WARNING - /home/***/.local/lib/python3.12/site-packages/***/task/task_runner/standard_task_runner.py:61 DeprecationWarning: This process (pid=896) is multi-threaded, use of fork() may lead to deadlocks in the child.
[2025-12-03T15:22:55.274+0000] {standard_task_runner.py:63} INFO - Started process 897 to run task
[2025-12-03T15:22:55.315+0000] {task_command.py:426} INFO - Running <TaskInstance: ebay_scraper_pipeline.cleaning manual__2025-12-03T15:21:25.876992+00:00 [running]> on host 561ed983102f
[2025-12-03T15:22:55.380+0000] {taskinstance.py:2648} INFO - Exporting env vars: AIRFLOW_CTX_DAG_OWNER='***' AIRFLOW_CTX_DAG_ID='ebay_scraper_pipeline' AIRFLOW_CTX_TASK_ID='cleaning' AIRFLOW_CTX_EXECUTION_DATE='2025-12-03T15:21:25.876992+00:00' AIRFLOW_CTX_TRY_NUMBER='1' AIRFLOW_CTX_DAG_RUN_ID='manual__2025-12-03T15:21:25.876992+00:00'
[2025-12-03T15:22:55.381+0000] {taskinstance.py:430} INFO - ::endgroup::
[2025-12-03T15:22:55.390+0000] {airflow_dag.py:48} INFO - 🧹 START CLEANING TASK
[2025-12-03T15:22:55.624+0000] {logging_mixin.py:188} INFO - 
======================================================================
[2025-12-03T15:22:55.624+0000] {logging_mixin.py:188} INFO - Парсинг HTML страниц...
[2025-12-03T15:22:55.625+0000] {logging_mixin.py:188} INFO - ======================================================================
[2025-12-03T15:22:55.625+0000] {logging_mixin.py:188} INFO - 
Парсинг страницы 1/2...
[2025-12-03T15:22:55.867+0000] {logging_mixin.py:188} INFO - Найдено карточек товаров: 68
[2025-12-03T15:22:55.891+0000] {logging_mixin.py:188} INFO - ✓ Найдено товаров: 66
[2025-12-03T15:22:55.891+0000] {logging_mixin.py:188} INFO - 📊 Всего собрано: 66
[2025-12-03T15:22:55.892+0000] {logging_mixin.py:188} INFO - 
Парсинг страницы 2/2...
[2025-12-03T15:22:56.036+0000] {logging_mixin.py:188} INFO - Найдено карточек товаров: 62
[2025-12-03T15:22:56.058+0000] {logging_mixin.py:188} INFO - ✓ Найдено товаров: 60
[2025-12-03T15:22:56.058+0000] {logging_mixin.py:188} INFO - 📊 Всего собрано: 126
[2025-12-03T15:22:56.059+0000] {logging_mixin.py:188} INFO - 
======================================================================
[2025-12-03T15:22:56.059+0000] {logging_mixin.py:188} INFO - Очистка и нормализация данных...
[2025-12-03T15:22:56.059+0000] {logging_mixin.py:188} INFO - ======================================================================
[2025-12-03T15:22:56.060+0000] {logging_mixin.py:188} INFO - 
📋 Исходное количество товаров: 126
[2025-12-03T15:22:56.060+0000] {logging_mixin.py:188} INFO - 
🧹 Очистка данных...
[2025-12-03T15:22:56.065+0000] {logging_mixin.py:188} INFO -    ✓ Очищено товаров: 126
[2025-12-03T15:22:56.066+0000] {logging_mixin.py:188} INFO - 
🔍 Удаление дубликатов...
[2025-12-03T15:22:56.066+0000] {logging_mixin.py:188} INFO -    🗑️  Удалено дубликатов: 16
[2025-12-03T15:22:56.066+0000] {logging_mixin.py:188} INFO -    ✓ Уникальных товаров: 110
[2025-12-03T15:22:56.067+0000] {logging_mixin.py:188} INFO - 
======================================================================
[2025-12-03T15:22:56.067+0000] {logging_mixin.py:188} INFO - 📊 СТАТИСТИКА ОЧИСТКИ:
[2025-12-03T15:22:56.067+0000] {logging_mixin.py:188} INFO - ======================================================================
[2025-12-03T15:22:56.067+0000] {logging_mixin.py:188} INFO -    Исходных товаров:     126
[2025-12-03T15:22:56.068+0000] {logging_mixin.py:188} INFO -    Невалидных:           -0
[2025-12-03T15:22:56.068+0000] {logging_mixin.py:188} INFO -    После очистки:        126
[2025-12-03T15:22:56.068+0000] {logging_mixin.py:188} INFO -    Дубликатов удалено:   -16
[2025-12-03T15:22:56.068+0000] {logging_mixin.py:188} INFO -    ИТОГО:                110
[2025-12-03T15:22:56.068+0000] {logging_mixin.py:188} INFO - 
📈 ПОЛНОТА ДАННЫХ:
[2025-12-03T15:22:56.068+0000] {logging_mixin.py:188} INFO - ======================================================================
[2025-12-03T15:22:56.069+0000] {logging_mixin.py:188} INFO -    price               :   95/110 (86.4%)
[2025-12-03T15:22:56.069+0000] {logging_mixin.py:188} INFO -    condition           :   53/110 (48.2%)
[2025-12-03T15:22:56.069+0000] {logging_mixin.py:188} INFO -    location            :   16/110 (14.5%)
[2025-12-03T15:22:56.069+0000] {logging_mixin.py:188} INFO -    shipping_price      :    0/110 (0.0%)
[2025-12-03T15:22:56.069+0000] {logging_mixin.py:188} INFO - ======================================================================
[2025-12-03T15:22:56.070+0000] {logging_mixin.py:188} INFO - ✅ Парсинг завершен! Всего товаров: 110
[2025-12-03T15:22:56.070+0000] {logging_mixin.py:188} INFO - ======================================================================
[2025-12-03T15:22:56.073+0000] {airflow_dag.py:64} INFO - ✅ CLEANING DONE. Clean items: 110
[2025-12-03T15:22:56.073+0000] {airflow_dag.py:65} INFO - 💾 CLEAN DATA SAVED TO: /opt/***/dags/clean_items.json
[2025-12-03T15:22:56.074+0000] {python.py:237} INFO - Done. Returned value was: None
[2025-12-03T15:22:56.074+0000] {taskinstance.py:441} INFO - ::group::Post task execution logs
[2025-12-03T15:22:56.081+0000] {taskinstance.py:1206} INFO - Marking task as SUCCESS. dag_id=ebay_scraper_pipeline, task_id=cleaning, run_id=manual__2025-12-03T15:21:25.876992+00:00, execution_date=20251203T152125, start_date=20251203T152255, end_date=20251203T152256
[2025-12-03T15:22:56.129+0000] {local_task_job_runner.py:240} INFO - Task exited with return code 0
[2025-12-03T15:22:56.144+0000] {taskinstance.py:3498} INFO - 1 downstream tasks scheduled from follow-on schedule check
[2025-12-03T15:22:56.146+0000] {local_task_job_runner.py:222} INFO - ::endgroup::
