[2025-12-04T16:18:28.702+0000] {local_task_job_runner.py:120} INFO - ::group::Pre task execution logs
[2025-12-04T16:18:28.714+0000] {taskinstance.py:2076} INFO - Dependencies all met for dep_context=non-requeueable deps ti=<TaskInstance: ebay_scraper_pipeline.loading manual__2025-12-04T16:14:56.974513+00:00 [queued]>
[2025-12-04T16:18:28.716+0000] {taskinstance.py:2076} INFO - Dependencies all met for dep_context=requeueable deps ti=<TaskInstance: ebay_scraper_pipeline.loading manual__2025-12-04T16:14:56.974513+00:00 [queued]>
[2025-12-04T16:18:28.717+0000] {taskinstance.py:2306} INFO - Starting attempt 1 of 4
[2025-12-04T16:18:28.721+0000] {taskinstance.py:2330} INFO - Executing <Task(PythonOperator): loading> on 2025-12-04 16:14:56.974513+00:00
[2025-12-04T16:18:28.724+0000] {standard_task_runner.py:90} INFO - Running: ['***', 'tasks', 'run', 'ebay_scraper_pipeline', 'loading', 'manual__2025-12-04T16:14:56.974513+00:00', '--job-id', '11', '--raw', '--subdir', 'DAGS_FOLDER/***_dag.py', '--cfg-path', '/tmp/tmpbutnneng']
[2025-12-04T16:18:28.725+0000] {standard_task_runner.py:91} INFO - Job 11: Subtask loading
[2025-12-04T16:18:28.724+0000] {logging_mixin.py:188} WARNING - /home/***/.local/lib/python3.12/site-packages/***/task/task_runner/standard_task_runner.py:61 DeprecationWarning: This process (pid=3004) is multi-threaded, use of fork() may lead to deadlocks in the child.
[2025-12-04T16:18:28.725+0000] {standard_task_runner.py:63} INFO - Started process 3005 to run task
[2025-12-04T16:18:28.742+0000] {task_command.py:426} INFO - Running <TaskInstance: ebay_scraper_pipeline.loading manual__2025-12-04T16:14:56.974513+00:00 [running]> on host 5917238ba377
[2025-12-04T16:18:28.773+0000] {taskinstance.py:2648} INFO - Exporting env vars: AIRFLOW_CTX_DAG_OWNER='***' AIRFLOW_CTX_DAG_ID='ebay_scraper_pipeline' AIRFLOW_CTX_TASK_ID='loading' AIRFLOW_CTX_EXECUTION_DATE='2025-12-04T16:14:56.974513+00:00' AIRFLOW_CTX_TRY_NUMBER='1' AIRFLOW_CTX_DAG_RUN_ID='manual__2025-12-04T16:14:56.974513+00:00'
[2025-12-04T16:18:28.774+0000] {taskinstance.py:430} INFO - ::endgroup::
[2025-12-04T16:18:28.779+0000] {airflow_dag.py:66} INFO - 💾 START LOADING TASK
[2025-12-04T16:18:28.779+0000] {logging_mixin.py:188} INFO - 
======================================================================
[2025-12-04T16:18:28.779+0000] {logging_mixin.py:188} INFO - Сохранение данных...
[2025-12-04T16:18:28.780+0000] {logging_mixin.py:188} INFO - ======================================================================
[2025-12-04T16:18:28.781+0000] {logging_mixin.py:188} INFO - ✓ База данных '/opt/***/dags/ebay_products.db' создана/обновлена
[2025-12-04T16:18:28.786+0000] {logging_mixin.py:188} INFO - 
======================================================================
[2025-12-04T16:18:28.786+0000] {logging_mixin.py:188} INFO - 💾 Сохранение в базу данных '/opt/***/dags/ebay_products.db':
[2025-12-04T16:18:28.786+0000] {logging_mixin.py:188} INFO -    ✓ Добавлено новых записей: 24
[2025-12-04T16:18:28.786+0000] {logging_mixin.py:188} INFO -    ✓ Обновлено записей: 82
[2025-12-04T16:18:28.787+0000] {logging_mixin.py:188} INFO -    ✓ Всего в базе: 180
[2025-12-04T16:18:28.787+0000] {logging_mixin.py:188} INFO - ======================================================================
[2025-12-04T16:18:28.787+0000] {airflow_dag.py:82} INFO - ✅ LOADING DONE SUCCESSFULLY
[2025-12-04T16:18:28.787+0000] {airflow_dag.py:83} INFO - 📊 LOAD STATS: {'total_items': 106, 'json_saved': False, 'db_records_saved': 106}
[2025-12-04T16:18:28.787+0000] {python.py:237} INFO - Done. Returned value was: None
[2025-12-04T16:18:28.787+0000] {taskinstance.py:441} INFO - ::group::Post task execution logs
[2025-12-04T16:18:28.791+0000] {taskinstance.py:1206} INFO - Marking task as SUCCESS. dag_id=ebay_scraper_pipeline, task_id=loading, run_id=manual__2025-12-04T16:14:56.974513+00:00, execution_date=20251204T161456, start_date=20251204T161828, end_date=20251204T161828
[2025-12-04T16:18:28.825+0000] {local_task_job_runner.py:240} INFO - Task exited with return code 0
[2025-12-04T16:18:28.832+0000] {taskinstance.py:3498} INFO - 0 downstream tasks scheduled from follow-on schedule check
[2025-12-04T16:18:28.832+0000] {local_task_job_runner.py:222} INFO - ::endgroup::
