[2025-12-04T14:06:10.871+0000] {local_task_job_runner.py:120} INFO - ::group::Pre task execution logs
[2025-12-04T14:06:10.884+0000] {taskinstance.py:2076} INFO - Dependencies all met for dep_context=non-requeueable deps ti=<TaskInstance: ebay_scraper_pipeline.scraping scheduled__2025-12-03T00:00:00+00:00 [queued]>
[2025-12-04T14:06:10.887+0000] {taskinstance.py:2076} INFO - Dependencies all met for dep_context=requeueable deps ti=<TaskInstance: ebay_scraper_pipeline.scraping scheduled__2025-12-03T00:00:00+00:00 [queued]>
[2025-12-04T14:06:10.887+0000] {taskinstance.py:2306} INFO - Starting attempt 4 of 4
[2025-12-04T14:06:10.891+0000] {taskinstance.py:2330} INFO - Executing <Task(PythonOperator): scraping> on 2025-12-03 00:00:00+00:00
[2025-12-04T14:06:10.895+0000] {standard_task_runner.py:90} INFO - Running: ['***', 'tasks', 'run', 'ebay_scraper_pipeline', 'scraping', 'scheduled__2025-12-03T00:00:00+00:00', '--job-id', '5', '--raw', '--subdir', 'DAGS_FOLDER/***_dag.py', '--cfg-path', '/tmp/tmpmxmsrg9t']
[2025-12-04T14:06:10.897+0000] {standard_task_runner.py:91} INFO - Job 5: Subtask scraping
[2025-12-04T14:06:10.896+0000] {logging_mixin.py:188} WARNING - /home/***/.local/lib/python3.12/site-packages/***/task/task_runner/standard_task_runner.py:61 DeprecationWarning: This process (pid=817) is multi-threaded, use of fork() may lead to deadlocks in the child.
[2025-12-04T14:06:10.897+0000] {standard_task_runner.py:63} INFO - Started process 818 to run task
[2025-12-04T14:06:10.917+0000] {task_command.py:426} INFO - Running <TaskInstance: ebay_scraper_pipeline.scraping scheduled__2025-12-03T00:00:00+00:00 [running]> on host 5917238ba377
[2025-12-04T14:06:10.949+0000] {taskinstance.py:2648} INFO - Exporting env vars: AIRFLOW_CTX_DAG_OWNER='***' AIRFLOW_CTX_DAG_ID='ebay_scraper_pipeline' AIRFLOW_CTX_TASK_ID='scraping' AIRFLOW_CTX_EXECUTION_DATE='2025-12-03T00:00:00+00:00' AIRFLOW_CTX_TRY_NUMBER='4' AIRFLOW_CTX_DAG_RUN_ID='scheduled__2025-12-03T00:00:00+00:00'
[2025-12-04T14:06:10.949+0000] {taskinstance.py:430} INFO - ::endgroup::
[2025-12-04T14:06:10.954+0000] {airflow_dag.py:28} INFO - 🚀 START SCRAPING TASK
[2025-12-04T14:06:10.955+0000] {logging_mixin.py:188} INFO - ======================================================================
[2025-12-04T14:06:10.955+0000] {logging_mixin.py:188} INFO - Запуск браузера...
[2025-12-04T14:06:11.133+0000] {logging_mixin.py:188} INFO - 
======================================================================
[2025-12-04T14:06:11.133+0000] {logging_mixin.py:188} INFO - 📄 Страница 1: https://www.ebay.com/sch/i.html?_nkw=laptop&_sacat=0&_from=R40&_pgn=1
[2025-12-04T14:06:11.134+0000] {logging_mixin.py:188} INFO - ======================================================================
[2025-12-04T14:06:14.008+0000] {logging_mixin.py:188} INFO - Проверка на CAPTCHA...
[2025-12-04T14:06:18.782+0000] {logging_mixin.py:188} INFO - Ожидание загрузки товаров...
[2025-12-04T14:06:18.788+0000] {logging_mixin.py:188} INFO - ✓ Товары загружены!
[2025-12-04T14:06:18.788+0000] {logging_mixin.py:188} INFO - Прокрутка страницы...
[2025-12-04T14:06:23.203+0000] {logging_mixin.py:188} INFO - ✓ HTML страницы получен (2695878 символов)
[2025-12-04T14:06:23.204+0000] {logging_mixin.py:188} INFO - 📊 Примерно собрано: ~60 товаров
[2025-12-04T14:06:23.204+0000] {logging_mixin.py:188} INFO - 
⏩ Переход на страницу 2...
[2025-12-04T14:06:25.205+0000] {logging_mixin.py:188} INFO - 
======================================================================
[2025-12-04T14:06:25.206+0000] {logging_mixin.py:188} INFO - 📄 Страница 2: https://www.ebay.com/sch/i.html?_nkw=laptop&_sacat=0&_from=R40&_pgn=2
[2025-12-04T14:06:25.207+0000] {logging_mixin.py:188} INFO - ======================================================================
[2025-12-04T14:06:29.466+0000] {logging_mixin.py:188} INFO - Ожидание загрузки товаров...
[2025-12-04T14:06:29.637+0000] {logging_mixin.py:188} INFO - ✓ Товары загружены!
[2025-12-04T14:06:29.637+0000] {logging_mixin.py:188} INFO - Прокрутка страницы...
[2025-12-04T14:06:33.823+0000] {logging_mixin.py:188} INFO - ✓ HTML страницы получен (2401512 символов)
[2025-12-04T14:06:33.823+0000] {logging_mixin.py:188} INFO - 📊 Примерно собрано: ~120 товаров
[2025-12-04T14:06:33.824+0000] {logging_mixin.py:188} INFO - 
✅ Достигнуто примерное количество товаров
[2025-12-04T14:06:33.824+0000] {logging_mixin.py:188} INFO - 
✓ Загружено страниц: 2
[2025-12-04T14:06:33.824+0000] {logging_mixin.py:188} INFO - 
Закрытие браузера...
[2025-12-04T14:06:33.954+0000] {airflow_dag.py:42} INFO - ✅ SCRAPING DONE. Pages saved: 2
[2025-12-04T14:06:33.955+0000] {airflow_dag.py:43} INFO - 💾 RAW DATA SAVED TO: /opt/***/dags/raw_items.json
[2025-12-04T14:06:33.956+0000] {python.py:237} INFO - Done. Returned value was: None
[2025-12-04T14:06:33.956+0000] {taskinstance.py:441} INFO - ::group::Post task execution logs
[2025-12-04T14:06:33.962+0000] {taskinstance.py:1206} INFO - Marking task as SUCCESS. dag_id=ebay_scraper_pipeline, task_id=scraping, run_id=scheduled__2025-12-03T00:00:00+00:00, execution_date=20251203T000000, start_date=20251204T140610, end_date=20251204T140633
[2025-12-04T14:06:33.999+0000] {local_task_job_runner.py:240} INFO - Task exited with return code 0
[2025-12-04T14:06:34.004+0000] {local_task_job_runner.py:222} INFO - ::endgroup::
