[2025-12-04T16:18:28.058+0000] {local_task_job_runner.py:120} INFO - ::group::Pre task execution logs
[2025-12-04T16:18:28.070+0000] {taskinstance.py:2076} INFO - Dependencies all met for dep_context=non-requeueable deps ti=<TaskInstance: ebay_scraper_pipeline.cleaning manual__2025-12-04T16:14:56.974513+00:00 [queued]>
[2025-12-04T16:18:28.073+0000] {taskinstance.py:2076} INFO - Dependencies all met for dep_context=requeueable deps ti=<TaskInstance: ebay_scraper_pipeline.cleaning manual__2025-12-04T16:14:56.974513+00:00 [queued]>
[2025-12-04T16:18:28.073+0000] {taskinstance.py:2306} INFO - Starting attempt 1 of 4
[2025-12-04T16:18:28.078+0000] {taskinstance.py:2330} INFO - Executing <Task(PythonOperator): cleaning> on 2025-12-04 16:14:56.974513+00:00
[2025-12-04T16:18:28.081+0000] {standard_task_runner.py:90} INFO - Running: ['***', 'tasks', 'run', 'ebay_scraper_pipeline', 'cleaning', 'manual__2025-12-04T16:14:56.974513+00:00', '--job-id', '10', '--raw', '--subdir', 'DAGS_FOLDER/***_dag.py', '--cfg-path', '/tmp/tmpc6ii_x_n']
[2025-12-04T16:18:28.082+0000] {standard_task_runner.py:91} INFO - Job 10: Subtask cleaning
[2025-12-04T16:18:28.082+0000] {logging_mixin.py:188} WARNING - /home/***/.local/lib/python3.12/site-packages/***/task/task_runner/standard_task_runner.py:61 DeprecationWarning: This process (pid=3002) is multi-threaded, use of fork() may lead to deadlocks in the child.
[2025-12-04T16:18:28.083+0000] {standard_task_runner.py:63} INFO - Started process 3003 to run task
[2025-12-04T16:18:28.100+0000] {task_command.py:426} INFO - Running <TaskInstance: ebay_scraper_pipeline.cleaning manual__2025-12-04T16:14:56.974513+00:00 [running]> on host 5917238ba377
[2025-12-04T16:18:28.133+0000] {taskinstance.py:2648} INFO - Exporting env vars: AIRFLOW_CTX_DAG_OWNER='***' AIRFLOW_CTX_DAG_ID='ebay_scraper_pipeline' AIRFLOW_CTX_TASK_ID='cleaning' AIRFLOW_CTX_EXECUTION_DATE='2025-12-04T16:14:56.974513+00:00' AIRFLOW_CTX_TRY_NUMBER='1' AIRFLOW_CTX_DAG_RUN_ID='manual__2025-12-04T16:14:56.974513+00:00'
[2025-12-04T16:18:28.133+0000] {taskinstance.py:430} INFO - ::endgroup::
[2025-12-04T16:18:28.138+0000] {airflow_dag.py:44} INFO - 🧹 START CLEANING TASK
[2025-12-04T16:18:28.158+0000] {logging_mixin.py:188} INFO - 
======================================================================
[2025-12-04T16:18:28.158+0000] {logging_mixin.py:188} INFO - Парсинг HTML страниц...
[2025-12-04T16:18:28.158+0000] {logging_mixin.py:188} INFO - ======================================================================
[2025-12-04T16:18:28.158+0000] {logging_mixin.py:188} INFO - 
Парсинг страницы 1/2...
[2025-12-04T16:18:28.365+0000] {logging_mixin.py:188} INFO - Найдено карточек товаров: 70
[2025-12-04T16:18:28.378+0000] {logging_mixin.py:188} INFO - ✓ Найдено товаров: 68
[2025-12-04T16:18:28.378+0000] {logging_mixin.py:188} INFO - 📊 Всего собрано: 68
[2025-12-04T16:18:28.378+0000] {logging_mixin.py:188} INFO - 
Парсинг страницы 2/2...
[2025-12-04T16:18:28.465+0000] {logging_mixin.py:188} INFO - Найдено карточек товаров: 62
[2025-12-04T16:18:28.476+0000] {logging_mixin.py:188} INFO - ✓ Найдено товаров: 60
[2025-12-04T16:18:28.476+0000] {logging_mixin.py:188} INFO - 📊 Всего собрано: 128
[2025-12-04T16:18:28.477+0000] {logging_mixin.py:188} INFO - 
======================================================================
[2025-12-04T16:18:28.477+0000] {logging_mixin.py:188} INFO - Очистка и нормализация данных...
[2025-12-04T16:18:28.477+0000] {logging_mixin.py:188} INFO - ======================================================================
[2025-12-04T16:18:28.477+0000] {logging_mixin.py:188} INFO - 
📋 Исходное количество товаров: 128
[2025-12-04T16:18:28.477+0000] {logging_mixin.py:188} INFO - 
🧹 Очистка данных...
[2025-12-04T16:18:28.481+0000] {logging_mixin.py:188} INFO -    ✓ Очищено товаров: 128
[2025-12-04T16:18:28.481+0000] {logging_mixin.py:188} INFO - 
🔍 Удаление дубликатов...
[2025-12-04T16:18:28.481+0000] {logging_mixin.py:188} INFO -    🗑️  Удалено дубликатов: 22
[2025-12-04T16:18:28.481+0000] {logging_mixin.py:188} INFO -    ✓ Уникальных товаров: 106
[2025-12-04T16:18:28.481+0000] {logging_mixin.py:188} INFO - 
======================================================================
[2025-12-04T16:18:28.481+0000] {logging_mixin.py:188} INFO - 📊 СТАТИСТИКА ОЧИСТКИ:
[2025-12-04T16:18:28.481+0000] {logging_mixin.py:188} INFO - ======================================================================
[2025-12-04T16:18:28.481+0000] {logging_mixin.py:188} INFO -    Исходных товаров:     128
[2025-12-04T16:18:28.481+0000] {logging_mixin.py:188} INFO -    Невалидных:           -0
[2025-12-04T16:18:28.482+0000] {logging_mixin.py:188} INFO -    После очистки:        128
[2025-12-04T16:18:28.482+0000] {logging_mixin.py:188} INFO -    Дубликатов удалено:   -22
[2025-12-04T16:18:28.482+0000] {logging_mixin.py:188} INFO -    ИТОГО:                106
[2025-12-04T16:18:28.482+0000] {logging_mixin.py:188} INFO - 
📈 ПОЛНОТА ДАННЫХ:
[2025-12-04T16:18:28.482+0000] {logging_mixin.py:188} INFO - ======================================================================
[2025-12-04T16:18:28.482+0000] {logging_mixin.py:188} INFO -    price               :   87/106 (82.1%)
[2025-12-04T16:18:28.482+0000] {logging_mixin.py:188} INFO -    condition           :   45/106 (42.5%)
[2025-12-04T16:18:28.482+0000] {logging_mixin.py:188} INFO -    location            :   26/106 (24.5%)
[2025-12-04T16:18:28.482+0000] {logging_mixin.py:188} INFO -    shipping_price      :    0/106 (0.0%)
[2025-12-04T16:18:28.482+0000] {logging_mixin.py:188} INFO - ======================================================================
[2025-12-04T16:18:28.482+0000] {logging_mixin.py:188} INFO - ✅ Парсинг завершен! Всего товаров: 106
[2025-12-04T16:18:28.483+0000] {logging_mixin.py:188} INFO - ======================================================================
[2025-12-04T16:18:28.486+0000] {airflow_dag.py:60} INFO - ✅ CLEANING DONE. Clean items: 106
[2025-12-04T16:18:28.486+0000] {airflow_dag.py:61} INFO - 💾 CLEAN DATA SAVED TO: /opt/***/dags/clean_items.json
[2025-12-04T16:18:28.486+0000] {python.py:237} INFO - Done. Returned value was: None
[2025-12-04T16:18:28.486+0000] {taskinstance.py:441} INFO - ::group::Post task execution logs
[2025-12-04T16:18:28.491+0000] {taskinstance.py:1206} INFO - Marking task as SUCCESS. dag_id=ebay_scraper_pipeline, task_id=cleaning, run_id=manual__2025-12-04T16:14:56.974513+00:00, execution_date=20251204T161456, start_date=20251204T161828, end_date=20251204T161828
[2025-12-04T16:18:28.512+0000] {local_task_job_runner.py:240} INFO - Task exited with return code 0
[2025-12-04T16:18:28.520+0000] {taskinstance.py:3498} INFO - 1 downstream tasks scheduled from follow-on schedule check
[2025-12-04T16:18:28.521+0000] {local_task_job_runner.py:222} INFO - ::endgroup::
